

[2023-02-13 15:21:31] local.INFO:   
[2023-02-13 15:22:52] local.INFO:   
[2023-02-13 15:26:45] local.INFO:   
[2023-02-13 15:29:38] local.INFO:   
[2023-02-13 15:29:38] local.ERROR: Undefined variable $admin {"view":{"view":"/Users/rudston/PhpstormProjects/ThinkSpace/TS_Laravel/resources/views/components/admin/video.blade.php","data":{"errors":"<pre class=sf-dump id=sf-dump-1564899693 data-indent-pad=\"  \"><span class=sf-dump-note>Illuminate\\Support\\ViewErrorBag</span> {<a class=sf-dump-ref>#871</a><samp data-depth=1 class=sf-dump-expanded>
  #<span class=sf-dump-protected title=\"Protected property\">bags</span>: []
</samp>}
</pre><script>Sfdump(\"sf-dump-1564899693\", {\"maxDepth\":3,\"maxStringLength\":160})</script>
","view":"<pre class=sf-dump id=sf-dump-1817247180 data-indent-pad=\"  \">\"<span class=sf-dump-str title=\"28 characters\">layouts.admin.livewire-focus</span>\"
</pre><script>Sfdump(\"sf-dump-1817247180\", {\"maxDepth\":3,\"maxStringLength\":160})</script>
","params":"<pre class=sf-dump id=sf-dump-1124672288 data-indent-pad=\"  \"><span class=sf-dump-note>array:2</span> [<samp data-depth=1 class=sf-dump-expanded>
  \"<span class=sf-dump-key>title</span>\" => \"<span class=sf-dump-str title=\"18 characters\">Videos &gt; Dashboard</span>\"
  \"<span class=sf-dump-key>attributes</span>\" => <span class=sf-dump-note title=\"Illuminate\\View\\ComponentAttributeBag
\"><span class=\"sf-dump-ellipsis sf-dump-ellipsis-note\">Illuminate\\View</span><span class=\"sf-dump-ellipsis sf-dump-ellipsis-note\">\\</span>ComponentAttributeBag</span> {<a class=sf-dump-ref>#2546</a><samp data-depth=2 class=sf-dump-compact>
    #<span class=sf-dump-protected title=\"Protected property\">attributes</span>: []
  </samp>}
</samp>]
</pre><script>Sfdump(\"sf-dump-1124672288\", {\"maxDepth\":3,\"maxStringLength\":160})</script>
","slotOrSection":"<pre class=sf-dump id=sf-dump-1704370153 data-indent-pad=\"  \">\"<span class=sf-dump-str title=\"4 characters\">slot</span>\"
</pre><script>Sfdump(\"sf-dump-1704370153\", {\"maxDepth\":3,\"maxStringLength\":160})</script>
","manager":"<pre class=sf-dump id=sf-dump-1154967267 data-indent-pad=\"  \"><span class=sf-dump-note>Livewire\\LifecycleManager</span> {<a class=sf-dump-ref>#2059</a><samp data-depth=1 class=sf-dump-expanded>
  +<span class=sf-dump-public title=\"Public property\">request</span>: <span class=sf-dump-note title=\"Livewire\\Request
\"><span class=\"sf-dump-ellipsis sf-dump-ellipsis-note\">Livewire</span><span class=\"sf-dump-ellipsis sf-dump-ellipsis-note\">\\</span>Request</span> {<a class=sf-dump-ref href=#sf-dump-1154967267-ref22127 title=\"2 occurrences\">#2127</a><samp data-depth=2 id=sf-dump-1154967267-ref22127 class=sf-dump-compact>
    +<span class=sf-dump-public title=\"Public property\">fingerprint</span>: <span class=sf-dump-note>array:5</span> [<samp data-depth=3 class=sf-dump-compact>
      \"<span class=sf-dump-key>id</span>\" => \"<span class=sf-dump-str title=\"20 characters\">vdursMQMR9kI1jlZ8835</span>\"
      \"<span class=sf-dump-key>name</span>\" => \"<span class=sf-dump-str title=\"15 characters\">video.dashboard</span>\"
      \"<span class=sf-dump-key>locale</span>\" => \"<span class=sf-dump-str title=\"2 characters\">en</span>\"
      \"<span class=sf-dump-key>path</span>\" => \"<span class=sf-dump-str title=\"16 characters\">videos/dashboard</span>\"
      \"<span class=sf-dump-key>method</span>\" => \"<span class=sf-dump-str title=\"3 characters\">GET</span>\"
    </samp>]
    +<span class=sf-dump-public title=\"Public property\">updates</span>: []
    +<span class=sf-dump-public title=\"Public property\">memo</span>: []
  </samp>}
  +<span class=sf-dump-public title=\"Public property\">instance</span>: <span class=sf-dump-note title=\"App\\Http\\Livewire\\Video\\Dashboard
\"><span class=\"sf-dump-ellipsis sf-dump-ellipsis-note\">App\\Http\\Livewire\\Video</span><span class=\"sf-dump-ellipsis sf-dump-ellipsis-note\">\\</span>Dashboard</span> {<a class=sf-dump-ref href=#sf-dump-1154967267-ref21391 title=\"3 occurrences\">#1391</a><samp data-depth=2 id=sf-dump-1154967267-ref21391 class=sf-dump-compact>
    #<span class=sf-dump-protected title=\"Protected property\">listeners</span>: <span class=sf-dump-note>array:5</span> [<samp data-depth=3 class=sf-dump-compact>
      \"<span class=sf-dump-key>allTextsQueried</span>\" => \"<span class=sf-dump-str title=\"17 characters\">onAllTextsQueried</span>\"
      \"<span class=sf-dump-key>tagsQueried</span>\" => \"<span class=sf-dump-str title=\"13 characters\">onTagsQueried</span>\"
      \"<span class=sf-dump-key>theDateSet</span>\" => \"<span class=sf-dump-str title=\"12 characters\">onTheDateSet</span>\"
      \"<span class=sf-dump-key>columnSortOrderChanged</span>\" => \"<span class=sf-dump-str title=\"24 characters\">onColumnSortOrderChanged</span>\"
      \"<span class=sf-dump-key>rowDeleted</span>\" => \"<span class=sf-dump-str title=\"8 characters\">$refresh</span>\"
    </samp>]
    +<span class=sf-dump-public title=\"Public property\">queryParams</span>: []
    +<span class=sf-dump-public title=\"Public property\">columnSorts</span>: []
    +<span class=sf-dump-public title=\"Public property\">columns</span>: <span class=sf-dump-note>array:7</span> [<samp data-depth=3 class=sf-dump-compact>
      <span class=sf-dump-index>0</span> => \"<span class=sf-dump-str title=\"4 characters\">date</span>\"
      <span class=sf-dump-index>1</span> => \"<span class=sf-dump-str title=\"5 characters\">title</span>\"
      <span class=sf-dump-index>2</span> => \"<span class=sf-dump-str title=\"11 characters\">description</span>\"
      <span class=sf-dump-index>3</span> => \"<span class=sf-dump-str title=\"4 characters\">tags</span>\"
      <span class=sf-dump-index>4</span> => \"<span class=sf-dump-str title=\"4 characters\">view</span>\"
      <span class=sf-dump-index>5</span> => \"<span class=sf-dump-str title=\"4 characters\">edit</span>\"
      <span class=sf-dump-index>6</span> => \"<span class=sf-dump-str title=\"6 characters\">delete</span>\"
    </samp>]
    +<span class=sf-dump-public title=\"Public property\">tableHeaders</span>: <span class=sf-dump-note>array:7</span> [<samp data-depth=3 class=sf-dump-compact>
      \"<span class=sf-dump-key>date</span>\" => \"<span class=sf-dump-str title=\"4 characters\">Date</span>\"
      \"<span class=sf-dump-key>title</span>\" => \"<span class=sf-dump-str title=\"5 characters\">Title</span>\"
      \"<span class=sf-dump-key>description</span>\" => \"<span class=sf-dump-str title=\"11 characters\">Description</span>\"
      \"<span class=sf-dump-key>tags</span>\" => \"<span class=sf-dump-str title=\"4 characters\">Tags</span>\"
      \"<span class=sf-dump-key>view</span>\" => \"\"
      \"<span class=sf-dump-key>edit</span>\" => \"\"
      \"<span class=sf-dump-key>delete</span>\" => \"\"
    </samp>]
    +<span class=sf-dump-public title=\"Public property\">columnsWithSortDeactivated</span>: <span class=sf-dump-note>array:5</span> [<samp data-depth=3 class=sf-dump-compact>
      <span class=sf-dump-index>0</span> => \"<span class=sf-dump-str title=\"11 characters\">description</span>\"
      <span class=sf-dump-index>1</span> => \"<span class=sf-dump-str title=\"4 characters\">view</span>\"
      <span class=sf-dump-index>2</span> => \"<span class=sf-dump-str title=\"4 characters\">edit</span>\"
      <span class=sf-dump-index>3</span> => \"<span class=sf-dump-str title=\"6 characters\">delete</span>\"
      <span class=sf-dump-index>4</span> => \"<span class=sf-dump-str title=\"4 characters\">tags</span>\"
    </samp>]
    +<span class=sf-dump-public title=\"Public property\">isAdminUser</span>: <span class=sf-dump-const>false</span>
    +<span class=sf-dump-public title=\"Public property\">id</span>: \"<span class=sf-dump-str title=\"20 characters\">vdursMQMR9kI1jlZ8835</span>\"
    #<span class=sf-dump-protected title=\"Protected property\">queryString</span>: []
    #<span class=sf-dump-protected title=\"Protected property\">computedPropertyCache</span>: <span class=sf-dump-note>array:1</span> [<samp data-depth=3 class=sf-dump-compact>
      \"<span class=sf-dump-key>clearSearchEnabled</span>\" => <span class=sf-dump-const>false</span>
    </samp>]
    #<span class=sf-dump-protected title=\"Protected property\">shouldSkipRender</span>: <span class=sf-dump-const>null</span>
    #<span class=sf-dump-protected title=\"Protected property\">preRenderedView</span>: <span class=sf-dump-note title=\"Illuminate\\View\\View
\"><span class=\"sf-dump-ellipsis sf-dump-ellipsis-note\">Illuminate\\View</span><span class=\"sf-dump-ellipsis sf-dump-ellipsis-note\">\\</span>View</span> {<a class=sf-dump-ref>#1626</a><samp data-depth=3 class=sf-dump-compact>
      #<span class=sf-dump-protected title=\"Protected property\">factory</span>: <span class=sf-dump-note title=\"Illuminate\\View\\Factory
\"><span class=\"sf-dump-ellipsis sf-dump-ellipsis-note\">Illuminate\\View</span><span class=\"sf-dump-ellipsis sf-dump-ellipsis-note\">\\</span>Factory</span> {<a class=sf-dump-ref>#872</a> &#8230;23}
      #<span class=sf-dump-protected title=\"Protected property\">engine</span>: <span class=sf-dump-note title=\"Livewire\\LivewireViewCompilerEngine
\"><span class=\"sf-dump-ellipsis sf-dump-ellipsis-note\">Livewire</span><span class=\"sf-dump-ellipsis sf-dump-ellipsis-note\">\\</span>LivewireViewCompilerEngine</span> {<a class=sf-dump-ref>#1918</a> &#8230;5}
      #<span class=sf-dump-protected title=\"Protected property\">view</span>: \"<span class=sf-dump-str title=\"24 characters\">livewire.video.dashboard</span>\"
      #<span class=sf-dump-protected title=\"Protected property\">data</span>: <span class=sf-dump-note>array:13</span> [ &#8230;13]
      #<span class=sf-dump-protected title=\"Protected property\">path</span>: \"<span class=sf-dump-str title=\"104 characters\">/Users/rudston/PhpstormProjects/ThinkSpace/TS_Laravel/resources/views/livewire/video/dashboard.blade.php</span>\"
    </samp>}
    #<span class=sf-dump-protected title=\"Protected property\">forStack</span>: []
    #<span class=sf-dump-protected title=\"Protected property\">errorBag</span>: <span class=sf-dump-note title=\"Illuminate\\Support\\MessageBag
\"><span class=\"sf-dump-ellipsis sf-dump-ellipsis-note\">Illuminate\\Support</span><span class=\"sf-dump-ellipsis sf-dump-ellipsis-note\">\\</span>MessageBag</span> {<a class=sf-dump-ref>#1036</a><samp data-depth=3 class=sf-dump-compact>
      #<span class=sf-dump-protected title=\"Protected property\">messages</span>: []
      #<span class=sf-dump-protected title=\"Protected property\">format</span>: \"<span class=sf-dump-str title=\"8 characters\">:message</span>\"
    </samp>}
    #<span class=sf-dump-protected title=\"Protected property\">withValidatorCallback</span>: <span class=sf-dump-const>null</span>
    #<span class=sf-dump-protected title=\"Protected property\">eventQueue</span>: []
    #<span class=sf-dump-protected title=\"Protected property\">dispatchQueue</span>: []
    +<span class=sf-dump-public title=\"Public property\">redirectTo</span>: <span class=sf-dump-const>null</span>
    #<span class=sf-dump-protected title=\"Protected property\">renderedChildren</span>: <span class=sf-dump-note>array:11</span> [<samp data-depth=3 class=sf-dump-compact>
      \"<span class=sf-dump-key>l349762702-0</span>\" => <span class=sf-dump-note>array:2</span> [ &#8230;2]
      \"<span class=sf-dump-key>l349762702-1</span>\" => <span class=sf-dump-note>array:2</span> [ &#8230;2]
      \"<span class=sf-dump-key>l349762702-2</span>\" => <span class=sf-dump-note>array:2</span> [ &#8230;2]
      \"<span class=sf-dump-key>l349762702-3</span>\" => <span class=sf-dump-note>array:2</span> [ &#8230;2]
      \"<span class=sf-dump-key>date</span>\" => <span class=sf-dump-note>array:2</span> [ &#8230;2]
      \"<span class=sf-dump-key>title</span>\" => <span class=sf-dump-note>array:2</span> [ &#8230;2]
      \"<span class=sf-dump-key>description</span>\" => <span class=sf-dump-note>array:2</span> [ &#8230;2]
      \"<span class=sf-dump-key>tags</span>\" => <span class=sf-dump-note>array:2</span> [ &#8230;2]
      \"<span class=sf-dump-key>view</span>\" => <span class=sf-dump-note>array:2</span> [ &#8230;2]
      \"<span class=sf-dump-key>edit</span>\" => <span class=sf-dump-note>array:2</span> [ &#8230;2]
      \"<span class=sf-dump-key>delete</span>\" => <span class=sf-dump-note>array:2</span> [ &#8230;2]
    </samp>]
    #<span class=sf-dump-protected title=\"Protected property\">previouslyRenderedChildren</span>: []
    +<span class=sf-dump-public title=\"Public property\">page</span>: <span class=sf-dump-num>1</span>
    +<span class=sf-dump-public title=\"Public property\">paginators</span>: <span class=sf-dump-note>array:1</span> [<samp data-depth=3 class=sf-dump-compact>
      \"<span class=sf-dump-key>page</span>\" => <span class=sf-dump-num>1</span>
    </samp>]
    #<span class=sf-dump-protected title=\"Protected property\">numberOfPaginatorsRendered</span>: []
  </samp>}
  +<span class=sf-dump-public title=\"Public property\">response</span>: <span class=sf-dump-note title=\"Livewire\\Response
\"><span class=\"sf-dump-ellipsis sf-dump-ellipsis-note\">Livewire</span><span class=\"sf-dump-ellipsis sf-dump-ellipsis-note\">\\</span>Response</span> {<a class=sf-dump-ref>#2305</a><samp data-depth=2 class=sf-dump-compact>
    +<span class=sf-dump-public title=\"Public property\">request</span>: <span class=sf-dump-note title=\"Livewire\\Request
\"><span class=\"sf-dump-ellipsis sf-dump-ellipsis-note\">Livewire</span><span class=\"sf-dump-ellipsis sf-dump-ellipsis-note\">\\</span>Request</span> {<a class=sf-dump-ref href=#sf-dump-1154967267-ref22127 title=\"2 occurrences\">#2127</a>}
    +<span class=sf-dump-public title=\"Public property\">fingerprint</span>: <span class=sf-dump-note>array:5</span> [<samp data-depth=3 class=sf-dump-compact>
      \"<span class=sf-dump-key>id</span>\" => \"<span class=sf-dump-str title=\"20 characters\">vdursMQMR9kI1jlZ8835</span>\"
      \"<span class=sf-dump-key>name</span>\" => \"<span class=sf-dump-str title=\"15 characters\">video.dashboard</span>\"
      \"<span class=sf-dump-key>locale</span>\" => \"<span class=sf-dump-str title=\"2 characters\">en</span>\"
      \"<span class=sf-dump-key>path</span>\" => \"<span class=sf-dump-str title=\"16 characters\">videos/dashboard</span>\"
      \"<span class=sf-dump-key>method</span>\" => \"<span class=sf-dump-str title=\"3 characters\">GET</span>\"
    </samp>]
    +<span class=sf-dump-public title=\"Public property\">effects</span>: []
    +<span class=sf-dump-public title=\"Public property\">memo</span>: []
  </samp>}
</samp>}
</pre><script>Sfdump(\"sf-dump-1154967267\", {\"maxDepth\":3,\"maxStringLength\":160})</script>
"}},"exception":"[object] (Spatie\\LaravelIgnition\\Exceptions\\ViewException(code: 0): Undefined variable $admin at /Users/rudston/PhpstormProjects/ThinkSpace/TS_Laravel/resources/views/components/admin/video.blade.php:4)
[stacktrace]
#0 /Users/rudston/PhpstormProjects/ThinkSpace/TS_Laravel/vendor/laravel/framework/src/Illuminate/Foundation/Bootstrap/HandleExceptions.php(259): Illuminate\\Foundation\\Bootstrap\\HandleExceptions->handleError(2, 'Undefined varia...', '/Users/rudston/...', 16)
#1 /Users/rudston/PhpstormProjects/ThinkSpace/TS_Laravel/resources/views/components/admin/video.blade.php(4): Illuminate\\Foundation\\Bootstrap\\HandleExceptions->Illuminate\\Foundation\\Bootstrap\\{closure}(2, 'Undefined varia...', '/Users/rudston/...', 16)
#2 /Users/rudston/PhpstormProjects/ThinkSpace/TS_Laravel/vendor/livewire/livewire/src/ComponentConcerns/RendersLivewireComponents.php(83): include('/Users/rudston/...')
#3 /Users/rudston/PhpstormProjects/ThinkSpace/TS_Laravel/vendor/livewire/livewire/src/ComponentConcerns/RendersLivewireComponents.php(84): App\\Http\\Livewire\\Video\\Dashboard->Livewire\\ComponentConcerns\\{closure}()
#4 /Users/rudston/PhpstormProjects/ThinkSpace/TS_Laravel/vendor/livewire/livewire/src/ComponentConcerns/RendersLivewireComponents.php(59): Livewire\\LivewireViewCompilerEngine->evaluatePath('/Users/rudston/...', Array)
#5 /Users/rudston/PhpstormProjects/ThinkSpace/TS_Laravel/vendor/laravel/framework/src/Illuminate/View/View.php(152): Livewire\\LivewireViewCompilerEngine->get('/Users/rudston/...', Array)
#6 /Users/rudston/PhpstormProjects/ThinkSpace/TS_Laravel/vendor/laravel/framework/src/Illuminate/View/View.php(135): Illuminate\\View\\View->getContents()
#7 /Users/rudston/PhpstormProjects/ThinkSpace/TS_Laravel/vendor/laravel/framework/src/Illuminate/View/View.php(104): Illuminate\\View\\View->renderContents()
#8 /Users/rudston/PhpstormProjects/ThinkSpace/TS_Laravel/vendor/laravel/framework/src/Illuminate/View/Concerns/ManagesComponents.php(104): Illuminate\\View\\View->render()
#9 /Users/rudston/PhpstormProjects/ThinkSpace/TS_Laravel/resources/views/livewire/video/dashboard.blade.php(81): Illuminate\\View\\Factory->renderComponent()
#10 /Users/rudston/PhpstormProjects/ThinkSpace/TS_Laravel/vendor/livewire/livewire/src/ComponentConcerns/RendersLivewireComponents.php(83): include('/Users/rudston/...')
#11 /Users/rudston/PhpstormProjects/ThinkSpace/TS_Laravel/vendor/livewire/livewire/src/ComponentConcerns/RendersLivewireComponents.php(84): App\\Http\\Livewire\\Video\\Dashboard->Livewire\\ComponentConcerns\\{closure}()
#12 /Users/rudston/PhpstormProjects/ThinkSpace/TS_Laravel/vendor/livewire/livewire/src/ComponentConcerns/RendersLivewireComponents.php(59): Livewire\\LivewireViewCompilerEngine->evaluatePath('/Users/rudston/...', Array)
#13 /Users/rudston/PhpstormProjects/ThinkSpace/TS_Laravel/vendor/laravel/framework/src/Illuminate/View/View.php(152): Livewire\\LivewireViewCompilerEngine->get('/Users/rudston/...', Array)
#14 /Users/rudston/PhpstormProjects/ThinkSpace/TS_Laravel/vendor/laravel/framework/src/Illuminate/View/View.php(135): Illuminate\\View\\View->getContents()
#15 /Users/rudston/PhpstormProjects/ThinkSpace/TS_Laravel/vendor/laravel/framework/src/Illuminate/View/View.php(104): Illuminate\\View\\View->renderContents()
#16 /Users/rudston/PhpstormProjects/ThinkSpace/TS_Laravel/vendor/livewire/livewire/src/Component.php(235): Illuminate\\View\\View->render()
#17 /Users/rudston/PhpstormProjects/ThinkSpace/TS_Laravel/vendor/livewire/livewire/src/HydrationMiddleware/RenderView.php(14): Livewire\\Component->output()
#18 /Users/rudston/PhpstormProjects/ThinkSpace/TS_Laravel/vendor/livewire/livewire/src/LifecycleManager.php(141): Livewire\\HydrationMiddleware\\RenderView::dehydrate(Object(App\\Http\\Livewire\\Video\\Dashboard), Object(Livewire\\Response))
#19 /Users/rudston/PhpstormProjects/ThinkSpace/TS_Laravel/vendor/livewire/livewire/src/Macros/livewire-view-component.blade.php(3): Livewire\\LifecycleManager->initialDehydrate()
#20 /Users/rudston/PhpstormProjects/ThinkSpace/TS_Laravel/vendor/laravel/framework/src/Illuminate/Filesystem/Filesystem.php(109): require('/Users/rudston/...')
#21 /Users/rudston/PhpstormProjects/ThinkSpace/TS_Laravel/vendor/laravel/framework/src/Illuminate/Filesystem/Filesystem.php(110): Illuminate\\Filesystem\\Filesystem::Illuminate\\Filesystem\\{closure}()
#22 /Users/rudston/PhpstormProjects/ThinkSpace/TS_Laravel/vendor/laravel/framework/src/Illuminate/View/Engines/PhpEngine.php(58): Illuminate\\Filesystem\\Filesystem->getRequire('/Users/rudston/...', Array)
#23 /Users/rudston/PhpstormProjects/ThinkSpace/TS_Laravel/vendor/livewire/livewire/src/ComponentConcerns/RendersLivewireComponents.php(69): Illuminate\\View\\Engines\\PhpEngine->evaluatePath('/Users/rudston/...', Array)
#24 /Users/rudston/PhpstormProjects/ThinkSpace/TS_Laravel/vendor/laravel/framework/src/Illuminate/View/Engines/CompilerEngine.php(70): Livewire\\LivewireViewCompilerEngine->evaluatePath('/Users/rudston/...', Array)
#25 /Users/rudston/PhpstormProjects/ThinkSpace/TS_Laravel/vendor/livewire/livewire/src/ComponentConcerns/RendersLivewireComponents.php(35): Illuminate\\View\\Engines\\CompilerEngine->get('/Users/rudston/...', Array)
#26 /Users/rudston/PhpstormProjects/ThinkSpace/TS_Laravel/vendor/laravel/framework/src/Illuminate/View/View.php(152): Livewire\\LivewireViewCompilerEngine->get('/Users/rudston/...', Array)
#27 /Users/rudston/PhpstormProjects/ThinkSpace/TS_Laravel/vendor/laravel/framework/src/Illuminate/View/View.php(135): Illuminate\\View\\View->getContents()
#28 /Users/rudston/PhpstormProjects/ThinkSpace/TS_Laravel/vendor/laravel/framework/src/Illuminate/View/View.php(104): Illuminate\\View\\View->renderContents()
#29 /Users/rudston/PhpstormProjects/ThinkSpace/TS_Laravel/vendor/laravel/framework/src/Illuminate/Http/Response.php(69): Illuminate\\View\\View->render()
#30 /Users/rudston/PhpstormProjects/ThinkSpace/TS_Laravel/vendor/laravel/framework/src/Illuminate/Http/Response.php(35): Illuminate\\Http\\Response->setContent(Object(Illuminate\\View\\View))
#31 /Users/rudston/PhpstormProjects/ThinkSpace/TS_Laravel/vendor/laravel/framework/src/Illuminate/Routing/Router.php(906): Illuminate\\Http\\Response->__construct(Object(Illuminate\\View\\View), 200, Array)
#32 /Users/rudston/PhpstormProjects/ThinkSpace/TS_Laravel/vendor/laravel/framework/src/Illuminate/Routing/Router.php(875): Illuminate\\Routing\\Router::toResponse(Object(Illuminate\\Http\\Request), Object(Illuminate\\View\\View))
#33 /Users/rudston/PhpstormProjects/ThinkSpace/TS_Laravel/vendor/laravel/framework/src/Illuminate/Routing/Router.php(798): Illuminate\\Routing\\Router->prepareResponse(Object(Illuminate\\Http\\Request), Object(Illuminate\\View\\View))
#34 /Users/rudston/PhpstormProjects/ThinkSpace/TS_Laravel/vendor/laravel/framework/src/Illuminate/Pipeline/Pipeline.php(141): Illuminate\\Routing\\Router->Illuminate\\Routing\\{closure}(Object(Illuminate\\Http\\Request))
#35 /Users/rudston/PhpstormProjects/ThinkSpace/TS_Laravel/app/Http/Middleware/StudentUser.php(22): Illuminate\\Pipeline\\Pipeline->Illuminate\\Pipeline\\{closure}(Object(Illuminate\\Http\\Request))
#36 /Users/rudston/PhpstormProjects/ThinkSpace/TS_Laravel/vendor/laravel/framework/src/Illuminate/Pipeline/Pipeline.php(180): App\\Http\\Middleware\\StudentUser->handle(Object(Illuminate\\Http\\Request), Object(Closure))
#37 /Users/rudston/PhpstormProjects/ThinkSpace/TS_Laravel/vendor/laravel/framework/src/Illuminate/Routing/Middleware/SubstituteBindings.php(50): Illuminate\\Pipeline\\Pipeline->Illuminate\\Pipeline\\{closure}(Object(Illuminate\\Http\\Request))
#38 /Users/rudston/PhpstormProjects/ThinkSpace/TS_Laravel/vendor/laravel/framework/src/Illuminate/Pipeline/Pipeline.php(180): Illuminate\\Routing\\Middleware\\SubstituteBindings->handle(Object(Illuminate\\Http\\Request), Object(Closure))
#39 /Users/rudston/PhpstormProjects/ThinkSpace/TS_Laravel/vendor/laravel/framework/src/Illuminate/Foundation/Http/Middleware/VerifyCsrfToken.php(78): Illuminate\\Pipeline\\Pipeline->Illuminate\\Pipeline\\{closure}(Object(Illuminate\\Http\\Request))
#40 /Users/rudston/PhpstormProjects/ThinkSpace/TS_Laravel/vendor/laravel/framework/src/Illuminate/Pipeline/Pipeline.php(180): Illuminate\\Foundation\\Http\\Middleware\\VerifyCsrfToken->handle(Object(Illuminate\\Http\\Request), Object(Closure))
#41 /Users/rudston/PhpstormProjects/ThinkSpace/TS_Laravel/vendor/laravel/framework/src/Illuminate/Session/Middleware/AuthenticateSession.php(40): Illuminate\\Pipeline\\Pipeline->Illuminate\\Pipeline\\{closure}(Object(Illuminate\\Http\\Request))
#42 /Users/rudston/PhpstormProjects/ThinkSpace/TS_Laravel/vendor/laravel/framework/src/Illuminate/Pipeline/Pipeline.php(180): Illuminate\\Session\\Middleware\\AuthenticateSession->handle(Object(Illuminate\\Http\\Request), Object(Closure))
#43 /Users/rudston/PhpstormProjects/ThinkSpace/TS_Laravel/vendor/laravel/framework/src/Illuminate/View/Middleware/ShareErrorsFromSession.php(49): Illuminate\\Pipeline\\Pipeline->Illuminate\\Pipeline\\{closure}(Object(Illuminate\\Http\\Request))
#44 /Users/rudston/PhpstormProjects/ThinkSpace/TS_Laravel/vendor/laravel/framework/src/Illuminate/Pipeline/Pipeline.php(180): Illuminate\\View\\Middleware\\ShareErrorsFromSession->handle(Object(Illuminate\\Http\\Request), Object(Closure))
#45 /Users/rudston/PhpstormProjects/ThinkSpace/TS_Laravel/vendor/laravel/framework/src/Illuminate/Session/Middleware/StartSession.php(121): Illuminate\\Pipeline\\Pipeline->Illuminate\\Pipeline\\{closure}(Object(Illuminate\\Http\\Request))
#46 /Users/rudston/PhpstormProjects/ThinkSpace/TS_Laravel/vendor/laravel/framework/src/Illuminate/Session/Middleware/StartSession.php(64): Illuminate\\Session\\Middleware\\StartSession->handleStatefulRequest(Object(Illuminate\\Http\\Request), Object(Illuminate\\Session\\Store), Object(Closure))
#47 /Users/rudston/PhpstormProjects/ThinkSpace/TS_Laravel/vendor/laravel/framework/src/Illuminate/Pipeline/Pipeline.php(180): Illuminate\\Session\\Middleware\\StartSession->handle(Object(Illuminate\\Http\\Request), Object(Closure))
#48 /Users/rudston/PhpstormProjects/ThinkSpace/TS_Laravel/vendor/laravel/framework/src/Illuminate/Cookie/Middleware/AddQueuedCookiesToResponse.php(37): Illuminate\\Pipeline\\Pipeline->Illuminate\\Pipeline\\{closure}(Object(Illuminate\\Http\\Request))
#49 /Users/rudston/PhpstormProjects/ThinkSpace/TS_Laravel/vendor/laravel/framework/src/Illuminate/Pipeline/Pipeline.php(180): Illuminate\\Cookie\\Middleware\\AddQueuedCookiesToResponse->handle(Object(Illuminate\\Http\\Request), Object(Closure))
#50 /Users/rudston/PhpstormProjects/ThinkSpace/TS_Laravel/vendor/laravel/framework/src/Illuminate/Cookie/Middleware/EncryptCookies.php(67): Illuminate\\Pipeline\\Pipeline->Illuminate\\Pipeline\\{closure}(Object(Illuminate\\Http\\Request))
#51 /Users/rudston/PhpstormProjects/ThinkSpace/TS_Laravel/vendor/laravel/framework/src/Illuminate/Pipeline/Pipeline.php(180): Illuminate\\Cookie\\Middleware\\EncryptCookies->handle(Object(Illuminate\\Http\\Request), Object(Closure))
#52 /Users/rudston/PhpstormProjects/ThinkSpace/TS_Laravel/vendor/laravel/framework/src/Illuminate/Pipeline/Pipeline.php(116): Illuminate\\Pipeline\\Pipeline->Illuminate\\Pipeline\\{closure}(Object(Illuminate\\Http\\Request))
#53 /Users/rudston/PhpstormProjects/ThinkSpace/TS_Laravel/vendor/laravel/framework/src/Illuminate/Routing/Router.php(799): Illuminate\\Pipeline\\Pipeline->then(Object(Closure))
#54 /Users/rudston/PhpstormProjects/ThinkSpace/TS_Laravel/vendor/laravel/framework/src/Illuminate/Routing/Router.php(776): Illuminate\\Routing\\Router->runRouteWithinStack(Object(Illuminate\\Routing\\Route), Object(Illuminate\\Http\\Request))
#55 /Users/rudston/PhpstormProjects/ThinkSpace/TS_Laravel/vendor/laravel/framework/src/Illuminate/Routing/Router.php(740): Illuminate\\Routing\\Router->runRoute(Object(Illuminate\\Http\\Request), Object(Illuminate\\Routing\\Route))
#56 /Users/rudston/PhpstormProjects/ThinkSpace/TS_Laravel/vendor/laravel/framework/src/Illuminate/Routing/Router.php(729): Illuminate\\Routing\\Router->dispatchToRoute(Object(Illuminate\\Http\\Request))
#57 /Users/rudston/PhpstormProjects/ThinkSpace/TS_Laravel/vendor/laravel/framework/src/Illuminate/Foundation/Http/Kernel.php(190): Illuminate\\Routing\\Router->dispatch(Object(Illuminate\\Http\\Request))
#58 /Users/rudston/PhpstormProjects/ThinkSpace/TS_Laravel/vendor/laravel/framework/src/Illuminate/Pipeline/Pipeline.php(141): Illuminate\\Foundation\\Http\\Kernel->Illuminate\\Foundation\\Http\\{closure}(Object(Illuminate\\Http\\Request))
#59 /Users/rudston/PhpstormProjects/ThinkSpace/TS_Laravel/vendor/livewire/livewire/src/DisableBrowserCache.php(19): Illuminate\\Pipeline\\Pipeline->Illuminate\\Pipeline\\{closure}(Object(Illuminate\\Http\\Request))
#60 /Users/rudston/PhpstormProjects/ThinkSpace/TS_Laravel/vendor/laravel/framework/src/Illuminate/Pipeline/Pipeline.php(180): Livewire\\DisableBrowserCache->handle(Object(Illuminate\\Http\\Request), Object(Closure))
#61 /Users/rudston/PhpstormProjects/ThinkSpace/TS_Laravel/vendor/barryvdh/laravel-debugbar/src/Middleware/InjectDebugbar.php(66): Illuminate\\Pipeline\\Pipeline->Illuminate\\Pipeline\\{closure}(Object(Illuminate\\Http\\Request))
#62 /Users/rudston/PhpstormProjects/ThinkSpace/TS_Laravel/vendor/laravel/framework/src/Illuminate/Pipeline/Pipeline.php(180): Barryvdh\\Debugbar\\Middleware\\InjectDebugbar->handle(Object(Illuminate\\Http\\Request), Object(Closure))
#63 /Users/rudston/PhpstormProjects/ThinkSpace/TS_Laravel/vendor/laravel/framework/src/Illuminate/Foundation/Http/Middleware/TransformsRequest.php(21): Illuminate\\Pipeline\\Pipeline->Illuminate\\Pipeline\\{closure}(Object(Illuminate\\Http\\Request))
#64 /Users/rudston/PhpstormProjects/ThinkSpace/TS_Laravel/vendor/laravel/framework/src/Illuminate/Foundation/Http/Middleware/ConvertEmptyStringsToNull.php(31): Illuminate\\Foundation\\Http\\Middleware\\TransformsRequest->handle(Object(Illuminate\\Http\\Request), Object(Closure))
#65 /Users/rudston/PhpstormProjects/ThinkSpace/TS_Laravel/vendor/laravel/framework/src/Illuminate/Pipeline/Pipeline.php(180): Illuminate\\Foundation\\Http\\Middleware\\ConvertEmptyStringsToNull->handle(Object(Illuminate\\Http\\Request), Object(Closure))
#66 /Users/rudston/PhpstormProjects/ThinkSpace/TS_Laravel/vendor/laravel/framework/src/Illuminate/Foundation/Http/Middleware/TransformsRequest.php(21): Illuminate\\Pipeline\\Pipeline->Illuminate\\Pipeline\\{closure}(Object(Illuminate\\Http\\Request))
#67 /Users/rudston/PhpstormProjects/ThinkSpace/TS_Laravel/vendor/laravel/framework/src/Illuminate/Foundation/Http/Middleware/TrimStrings.php(40): Illuminate\\Foundation\\Http\\Middleware\\TransformsRequest->handle(Object(Illuminate\\Http\\Request), Object(Closure))
#68 /Users/rudston/PhpstormProjects/ThinkSpace/TS_Laravel/vendor/laravel/framework/src/Illuminate/Pipeline/Pipeline.php(180): Illuminate\\Foundation\\Http\\Middleware\\TrimStrings->handle(Object(Illuminate\\Http\\Request), Object(Closure))
#69 /Users/rudston/PhpstormProjects/ThinkSpace/TS_Laravel/vendor/laravel/framework/src/Illuminate/Foundation/Http/Middleware/ValidatePostSize.php(27): Illuminate\\Pipeline\\Pipeline->Illuminate\\Pipeline\\{closure}(Object(Illuminate\\Http\\Request))
#70 /Users/rudston/PhpstormProjects/ThinkSpace/TS_Laravel/vendor/laravel/framework/src/Illuminate/Pipeline/Pipeline.php(180): Illuminate\\Foundation\\Http\\Middleware\\ValidatePostSize->handle(Object(Illuminate\\Http\\Request), Object(Closure))
#71 /Users/rudston/PhpstormProjects/ThinkSpace/TS_Laravel/vendor/laravel/framework/src/Illuminate/Foundation/Http/Middleware/PreventRequestsDuringMaintenance.php(86): Illuminate\\Pipeline\\Pipeline->Illuminate\\Pipeline\\{closure}(Object(Illuminate\\Http\\Request))
#72 /Users/rudston/PhpstormProjects/ThinkSpace/TS_Laravel/vendor/laravel/framework/src/Illuminate/Pipeline/Pipeline.php(180): Illuminate\\Foundation\\Http\\Middleware\\PreventRequestsDuringMaintenance->handle(Object(Illuminate\\Http\\Request), Object(Closure))
#73 /Users/rudston/PhpstormProjects/ThinkSpace/TS_Laravel/vendor/fruitcake/laravel-cors/src/HandleCors.php(38): Illuminate\\Pipeline\\Pipeline->Illuminate\\Pipeline\\{closure}(Object(Illuminate\\Http\\Request))
#74 /Users/rudston/PhpstormProjects/ThinkSpace/TS_Laravel/vendor/laravel/framework/src/Illuminate/Pipeline/Pipeline.php(180): Fruitcake\\Cors\\HandleCors->handle(Object(Illuminate\\Http\\Request), Object(Closure))
#75 /Users/rudston/PhpstormProjects/ThinkSpace/TS_Laravel/vendor/laravel/framework/src/Illuminate/Http/Middleware/TrustProxies.php(39): Illuminate\\Pipeline\\Pipeline->Illuminate\\Pipeline\\{closure}(Object(Illuminate\\Http\\Request))
#76 /Users/rudston/PhpstormProjects/ThinkSpace/TS_Laravel/vendor/laravel/framework/src/Illuminate/Pipeline/Pipeline.php(180): Illuminate\\Http\\Middleware\\TrustProxies->handle(Object(Illuminate\\Http\\Request), Object(Closure))
#77 /Users/rudston/PhpstormProjects/ThinkSpace/TS_Laravel/vendor/laravel/framework/src/Illuminate/Pipeline/Pipeline.php(116): Illuminate\\Pipeline\\Pipeline->Illuminate\\Pipeline\\{closure}(Object(Illuminate\\Http\\Request))
#78 /Users/rudston/PhpstormProjects/ThinkSpace/TS_Laravel/vendor/laravel/framework/src/Illuminate/Foundation/Http/Kernel.php(165): Illuminate\\Pipeline\\Pipeline->then(Object(Closure))
#79 /Users/rudston/PhpstormProjects/ThinkSpace/TS_Laravel/vendor/laravel/framework/src/Illuminate/Foundation/Http/Kernel.php(134): Illuminate\\Foundation\\Http\\Kernel->sendRequestThroughRouter(Object(Illuminate\\Http\\Request))
#80 /Users/rudston/PhpstormProjects/ThinkSpace/TS_Laravel/public/index.php(52): Illuminate\\Foundation\\Http\\Kernel->handle(Object(Illuminate\\Http\\Request))
#81 {main}

[previous exception] [object] (ErrorException(code: 0): Undefined variable $admin at /Users/rudston/PhpstormProjects/ThinkSpace/TS_Laravel/storage/framework/views/0393b1763da498e4ed78e59a68c0b8954bd7eef3.php:16)
[stacktrace]
#0 /Users/rudston/PhpstormProjects/ThinkSpace/TS_Laravel/vendor/laravel/framework/src/Illuminate/Foundation/Bootstrap/HandleExceptions.php(259): Illuminate\\Foundation\\Bootstrap\\HandleExceptions->handleError(2, 'Undefined varia...', '/Users/rudston/...', 16)
#1 /Users/rudston/PhpstormProjects/ThinkSpace/TS_Laravel/storage/framework/views/0393b1763da498e4ed78e59a68c0b8954bd7eef3.php(16): Illuminate\\Foundation\\Bootstrap\\HandleExceptions->Illuminate\\Foundation\\Bootstrap\\{closure}(2, 'Undefined varia...', '/Users/rudston/...', 16)
#2 /Users/rudston/PhpstormProjects/ThinkSpace/TS_Laravel/vendor/livewire/livewire/src/ComponentConcerns/RendersLivewireComponents.php(83): include('/Users/rudston/...')
#3 /Users/rudston/PhpstormProjects/ThinkSpace/TS_Laravel/vendor/livewire/livewire/src/ComponentConcerns/RendersLivewireComponents.php(84): App\\Http\\Livewire\\Video\\Dashboard->Livewire\\ComponentConcerns\\{closure}()
#4 /Users/rudston/PhpstormProjects/ThinkSpace/TS_Laravel/vendor/livewire/livewire/src/ComponentConcerns/RendersLivewireComponents.php(59): Livewire\\LivewireViewCompilerEngine->evaluatePath('/Users/rudston/...', Array)
#5 /Users/rudston/PhpstormProjects/ThinkSpace/TS_Laravel/vendor/laravel/framework/src/Illuminate/View/View.php(152): Livewire\\LivewireViewCompilerEngine->get('/Users/rudston/...', Array)
#6 /Users/rudston/PhpstormProjects/ThinkSpace/TS_Laravel/vendor/laravel/framework/src/Illuminate/View/View.php(135): Illuminate\\View\\View->getContents()
#7 /Users/rudston/PhpstormProjects/ThinkSpace/TS_Laravel/vendor/laravel/framework/src/Illuminate/View/View.php(104): Illuminate\\View\\View->renderContents()
#8 /Users/rudston/PhpstormProjects/ThinkSpace/TS_Laravel/vendor/laravel/framework/src/Illuminate/View/Concerns/ManagesComponents.php(104): Illuminate\\View\\View->render()
#9 /Users/rudston/PhpstormProjects/ThinkSpace/TS_Laravel/storage/framework/views/e52ac63f097f3972cd1a396a1a3378479284e998.php(174): Illuminate\\View\\Factory->renderComponent()
#10 /Users/rudston/PhpstormProjects/ThinkSpace/TS_Laravel/vendor/livewire/livewire/src/ComponentConcerns/RendersLivewireComponents.php(83): include('/Users/rudston/...')
#11 /Users/rudston/PhpstormProjects/ThinkSpace/TS_Laravel/vendor/livewire/livewire/src/ComponentConcerns/RendersLivewireComponents.php(84): App\\Http\\Livewire\\Video\\Dashboard->Livewire\\ComponentConcerns\\{closure}()
#12 /Users/rudston/PhpstormProjects/ThinkSpace/TS_Laravel/vendor/livewire/livewire/src/ComponentConcerns/RendersLivewireComponents.php(59): Livewire\\LivewireViewCompilerEngine->evaluatePath('/Users/rudston/...', Array)
#13 /Users/rudston/PhpstormProjects/ThinkSpace/TS_Laravel/vendor/laravel/framework/src/Illuminate/View/View.php(152): Livewire\\LivewireViewCompilerEngine->get('/Users/rudston/...', Array)
#14 /Users/rudston/PhpstormProjects/ThinkSpace/TS_Laravel/vendor/laravel/framework/src/Illuminate/View/View.php(135): Illuminate\\View\\View->getContents()
#15 /Users/rudston/PhpstormProjects/ThinkSpace/TS_Laravel/vendor/laravel/framework/src/Illuminate/View/View.php(104): Illuminate\\View\\View->renderContents()
#16 /Users/rudston/PhpstormProjects/ThinkSpace/TS_Laravel/vendor/livewire/livewire/src/Component.php(235): Illuminate\\View\\View->render()
#17 /Users/rudston/PhpstormProjects/ThinkSpace/TS_Laravel/vendor/livewire/livewire/src/HydrationMiddleware/RenderView.php(14): Livewire\\Component->output()
#18 /Users/rudston/PhpstormProjects/ThinkSpace/TS_Laravel/vendor/livewire/livewire/src/LifecycleManager.php(141): Livewire\\HydrationMiddleware\\RenderView::dehydrate(Object(App\\Http\\Livewire\\Video\\Dashboard), Object(Livewire\\Response))
#19 /Users/rudston/PhpstormProjects/ThinkSpace/TS_Laravel/storage/framework/views/e33fabd38f7d7e66f29e221d0cd1417c56f49f51.php(3): Livewire\\LifecycleManager->initialDehydrate()
#20 /Users/rudston/PhpstormProjects/ThinkSpace/TS_Laravel/vendor/laravel/framework/src/Illuminate/Filesystem/Filesystem.php(109): require('/Users/rudston/...')
#21 /Users/rudston/PhpstormProjects/ThinkSpace/TS_Laravel/vendor/laravel/framework/src/Illuminate/Filesystem/Filesystem.php(110): Illuminate\\Filesystem\\Filesystem::Illuminate\\Filesystem\\{closure}()
#22 /Users/rudston/PhpstormProjects/ThinkSpace/TS_Laravel/vendor/laravel/framework/src/Illuminate/View/Engines/PhpEngine.php(58): Illuminate\\Filesystem\\Filesystem->getRequire('/Users/rudston/...', Array)
#23 /Users/rudston/PhpstormProjects/ThinkSpace/TS_Laravel/vendor/livewire/livewire/src/ComponentConcerns/RendersLivewireComponents.php(69): Illuminate\\View\\Engines\\PhpEngine->evaluatePath('/Users/rudston/...', Array)
#24 /Users/rudston/PhpstormProjects/ThinkSpace/TS_Laravel/vendor/laravel/framework/src/Illuminate/View/Engines/CompilerEngine.php(70): Livewire\\LivewireViewCompilerEngine->evaluatePath('/Users/rudston/...', Array)
#25 /Users/rudston/PhpstormProjects/ThinkSpace/TS_Laravel/vendor/livewire/livewire/src/ComponentConcerns/RendersLivewireComponents.php(35): Illuminate\\View\\Engines\\CompilerEngine->get('/Users/rudston/...', Array)
#26 /Users/rudston/PhpstormProjects/ThinkSpace/TS_Laravel/vendor/laravel/framework/src/Illuminate/View/View.php(152): Livewire\\LivewireViewCompilerEngine->get('/Users/rudston/...', Array)
#27 /Users/rudston/PhpstormProjects/ThinkSpace/TS_Laravel/vendor/laravel/framework/src/Illuminate/View/View.php(135): Illuminate\\View\\View->getContents()
#28 /Users/rudston/PhpstormProjects/ThinkSpace/TS_Laravel/vendor/laravel/framework/src/Illuminate/View/View.php(104): Illuminate\\View\\View->renderContents()
#29 /Users/rudston/PhpstormProjects/ThinkSpace/TS_Laravel/vendor/laravel/framework/src/Illuminate/Http/Response.php(69): Illuminate\\View\\View->render()
#30 /Users/rudston/PhpstormProjects/ThinkSpace/TS_Laravel/vendor/laravel/framework/src/Illuminate/Http/Response.php(35): Illuminate\\Http\\Response->setContent(Object(Illuminate\\View\\View))
#31 /Users/rudston/PhpstormProjects/ThinkSpace/TS_Laravel/vendor/laravel/framework/src/Illuminate/Routing/Router.php(906): Illuminate\\Http\\Response->__construct(Object(Illuminate\\View\\View), 200, Array)
#32 /Users/rudston/PhpstormProjects/ThinkSpace/TS_Laravel/vendor/laravel/framework/src/Illuminate/Routing/Router.php(875): Illuminate\\Routing\\Router::toResponse(Object(Illuminate\\Http\\Request), Object(Illuminate\\View\\View))
#33 /Users/rudston/PhpstormProjects/ThinkSpace/TS_Laravel/vendor/laravel/framework/src/Illuminate/Routing/Router.php(798): Illuminate\\Routing\\Router->prepareResponse(Object(Illuminate\\Http\\Request), Object(Illuminate\\View\\View))
#34 /Users/rudston/PhpstormProjects/ThinkSpace/TS_Laravel/vendor/laravel/framework/src/Illuminate/Pipeline/Pipeline.php(141): Illuminate\\Routing\\Router->Illuminate\\Routing\\{closure}(Object(Illuminate\\Http\\Request))
#35 /Users/rudston/PhpstormProjects/ThinkSpace/TS_Laravel/app/Http/Middleware/StudentUser.php(22): Illuminate\\Pipeline\\Pipeline->Illuminate\\Pipeline\\{closure}(Object(Illuminate\\Http\\Request))
#36 /Users/rudston/PhpstormProjects/ThinkSpace/TS_Laravel/vendor/laravel/framework/src/Illuminate/Pipeline/Pipeline.php(180): App\\Http\\Middleware\\StudentUser->handle(Object(Illuminate\\Http\\Request), Object(Closure))
#37 /Users/rudston/PhpstormProjects/ThinkSpace/TS_Laravel/vendor/laravel/framework/src/Illuminate/Routing/Middleware/SubstituteBindings.php(50): Illuminate\\Pipeline\\Pipeline->Illuminate\\Pipeline\\{closure}(Object(Illuminate\\Http\\Request))
#38 /Users/rudston/PhpstormProjects/ThinkSpace/TS_Laravel/vendor/laravel/framework/src/Illuminate/Pipeline/Pipeline.php(180): Illuminate\\Routing\\Middleware\\SubstituteBindings->handle(Object(Illuminate\\Http\\Request), Object(Closure))
#39 /Users/rudston/PhpstormProjects/ThinkSpace/TS_Laravel/vendor/laravel/framework/src/Illuminate/Foundation/Http/Middleware/VerifyCsrfToken.php(78): Illuminate\\Pipeline\\Pipeline->Illuminate\\Pipeline\\{closure}(Object(Illuminate\\Http\\Request))
#40 /Users/rudston/PhpstormProjects/ThinkSpace/TS_Laravel/vendor/laravel/framework/src/Illuminate/Pipeline/Pipeline.php(180): Illuminate\\Foundation\\Http\\Middleware\\VerifyCsrfToken->handle(Object(Illuminate\\Http\\Request), Object(Closure))
#41 /Users/rudston/PhpstormProjects/ThinkSpace/TS_Laravel/vendor/laravel/framework/src/Illuminate/Session/Middleware/AuthenticateSession.php(40): Illuminate\\Pipeline\\Pipeline->Illuminate\\Pipeline\\{closure}(Object(Illuminate\\Http\\Request))
#42 /Users/rudston/PhpstormProjects/ThinkSpace/TS_Laravel/vendor/laravel/framework/src/Illuminate/Pipeline/Pipeline.php(180): Illuminate\\Session\\Middleware\\AuthenticateSession->handle(Object(Illuminate\\Http\\Request), Object(Closure))
#43 /Users/rudston/PhpstormProjects/ThinkSpace/TS_Laravel/vendor/laravel/framework/src/Illuminate/View/Middleware/ShareErrorsFromSession.php(49): Illuminate\\Pipeline\\Pipeline->Illuminate\\Pipeline\\{closure}(Object(Illuminate\\Http\\Request))
#44 /Users/rudston/PhpstormProjects/ThinkSpace/TS_Laravel/vendor/laravel/framework/src/Illuminate/Pipeline/Pipeline.php(180): Illuminate\\View\\Middleware\\ShareErrorsFromSession->handle(Object(Illuminate\\Http\\Request), Object(Closure))
#45 /Users/rudston/PhpstormProjects/ThinkSpace/TS_Laravel/vendor/laravel/framework/src/Illuminate/Session/Middleware/StartSession.php(121): Illuminate\\Pipeline\\Pipeline->Illuminate\\Pipeline\\{closure}(Object(Illuminate\\Http\\Request))
#46 /Users/rudston/PhpstormProjects/ThinkSpace/TS_Laravel/vendor/laravel/framework/src/Illuminate/Session/Middleware/StartSession.php(64): Illuminate\\Session\\Middleware\\StartSession->handleStatefulRequest(Object(Illuminate\\Http\\Request), Object(Illuminate\\Session\\Store), Object(Closure))
#47 /Users/rudston/PhpstormProjects/ThinkSpace/TS_Laravel/vendor/laravel/framework/src/Illuminate/Pipeline/Pipeline.php(180): Illuminate\\Session\\Middleware\\StartSession->handle(Object(Illuminate\\Http\\Request), Object(Closure))
#48 /Users/rudston/PhpstormProjects/ThinkSpace/TS_Laravel/vendor/laravel/framework/src/Illuminate/Cookie/Middleware/AddQueuedCookiesToResponse.php(37): Illuminate\\Pipeline\\Pipeline->Illuminate\\Pipeline\\{closure}(Object(Illuminate\\Http\\Request))
#49 /Users/rudston/PhpstormProjects/ThinkSpace/TS_Laravel/vendor/laravel/framework/src/Illuminate/Pipeline/Pipeline.php(180): Illuminate\\Cookie\\Middleware\\AddQueuedCookiesToResponse->handle(Object(Illuminate\\Http\\Request), Object(Closure))
#50 /Users/rudston/PhpstormProjects/ThinkSpace/TS_Laravel/vendor/laravel/framework/src/Illuminate/Cookie/Middleware/EncryptCookies.php(67): Illuminate\\Pipeline\\Pipeline->Illuminate\\Pipeline\\{closure}(Object(Illuminate\\Http\\Request))
#51 /Users/rudston/PhpstormProjects/ThinkSpace/TS_Laravel/vendor/laravel/framework/src/Illuminate/Pipeline/Pipeline.php(180): Illuminate\\Cookie\\Middleware\\EncryptCookies->handle(Object(Illuminate\\Http\\Request), Object(Closure))
#52 /Users/rudston/PhpstormProjects/ThinkSpace/TS_Laravel/vendor/laravel/framework/src/Illuminate/Pipeline/Pipeline.php(116): Illuminate\\Pipeline\\Pipeline->Illuminate\\Pipeline\\{closure}(Object(Illuminate\\Http\\Request))
#53 /Users/rudston/PhpstormProjects/ThinkSpace/TS_Laravel/vendor/laravel/framework/src/Illuminate/Routing/Router.php(799): Illuminate\\Pipeline\\Pipeline->then(Object(Closure))
#54 /Users/rudston/PhpstormProjects/ThinkSpace/TS_Laravel/vendor/laravel/framework/src/Illuminate/Routing/Router.php(776): Illuminate\\Routing\\Router->runRouteWithinStack(Object(Illuminate\\Routing\\Route), Object(Illuminate\\Http\\Request))
#55 /Users/rudston/PhpstormProjects/ThinkSpace/TS_Laravel/vendor/laravel/framework/src/Illuminate/Routing/Router.php(740): Illuminate\\Routing\\Router->runRoute(Object(Illuminate\\Http\\Request), Object(Illuminate\\Routing\\Route))
#56 /Users/rudston/PhpstormProjects/ThinkSpace/TS_Laravel/vendor/laravel/framework/src/Illuminate/Routing/Router.php(729): Illuminate\\Routing\\Router->dispatchToRoute(Object(Illuminate\\Http\\Request))
#57 /Users/rudston/PhpstormProjects/ThinkSpace/TS_Laravel/vendor/laravel/framework/src/Illuminate/Foundation/Http/Kernel.php(190): Illuminate\\Routing\\Router->dispatch(Object(Illuminate\\Http\\Request))
#58 /Users/rudston/PhpstormProjects/ThinkSpace/TS_Laravel/vendor/laravel/framework/src/Illuminate/Pipeline/Pipeline.php(141): Illuminate\\Foundation\\Http\\Kernel->Illuminate\\Foundation\\Http\\{closure}(Object(Illuminate\\Http\\Request))
#59 /Users/rudston/PhpstormProjects/ThinkSpace/TS_Laravel/vendor/livewire/livewire/src/DisableBrowserCache.php(19): Illuminate\\Pipeline\\Pipeline->Illuminate\\Pipeline\\{closure}(Object(Illuminate\\Http\\Request))
#60 /Users/rudston/PhpstormProjects/ThinkSpace/TS_Laravel/vendor/laravel/framework/src/Illuminate/Pipeline/Pipeline.php(180): Livewire\\DisableBrowserCache->handle(Object(Illuminate\\Http\\Request), Object(Closure))
#61 /Users/rudston/PhpstormProjects/ThinkSpace/TS_Laravel/vendor/barryvdh/laravel-debugbar/src/Middleware/InjectDebugbar.php(66): Illuminate\\Pipeline\\Pipeline->Illuminate\\Pipeline\\{closure}(Object(Illuminate\\Http\\Request))
#62 /Users/rudston/PhpstormProjects/ThinkSpace/TS_Laravel/vendor/laravel/framework/src/Illuminate/Pipeline/Pipeline.php(180): Barryvdh\\Debugbar\\Middleware\\InjectDebugbar->handle(Object(Illuminate\\Http\\Request), Object(Closure))
#63 /Users/rudston/PhpstormProjects/ThinkSpace/TS_Laravel/vendor/laravel/framework/src/Illuminate/Foundation/Http/Middleware/TransformsRequest.php(21): Illuminate\\Pipeline\\Pipeline->Illuminate\\Pipeline\\{closure}(Object(Illuminate\\Http\\Request))
#64 /Users/rudston/PhpstormProjects/ThinkSpace/TS_Laravel/vendor/laravel/framework/src/Illuminate/Foundation/Http/Middleware/ConvertEmptyStringsToNull.php(31): Illuminate\\Foundation\\Http\\Middleware\\TransformsRequest->handle(Object(Illuminate\\Http\\Request), Object(Closure))
#65 /Users/rudston/PhpstormProjects/ThinkSpace/TS_Laravel/vendor/laravel/framework/src/Illuminate/Pipeline/Pipeline.php(180): Illuminate\\Foundation\\Http\\Middleware\\ConvertEmptyStringsToNull->handle(Object(Illuminate\\Http\\Request), Object(Closure))
#66 /Users/rudston/PhpstormProjects/ThinkSpace/TS_Laravel/vendor/laravel/framework/src/Illuminate/Foundation/Http/Middleware/TransformsRequest.php(21): Illuminate\\Pipeline\\Pipeline->Illuminate\\Pipeline\\{closure}(Object(Illuminate\\Http\\Request))
#67 /Users/rudston/PhpstormProjects/ThinkSpace/TS_Laravel/vendor/laravel/framework/src/Illuminate/Foundation/Http/Middleware/TrimStrings.php(40): Illuminate\\Foundation\\Http\\Middleware\\TransformsRequest->handle(Object(Illuminate\\Http\\Request), Object(Closure))
#68 /Users/rudston/PhpstormProjects/ThinkSpace/TS_Laravel/vendor/laravel/framework/src/Illuminate/Pipeline/Pipeline.php(180): Illuminate\\Foundation\\Http\\Middleware\\TrimStrings->handle(Object(Illuminate\\Http\\Request), Object(Closure))
#69 /Users/rudston/PhpstormProjects/ThinkSpace/TS_Laravel/vendor/laravel/framework/src/Illuminate/Foundation/Http/Middleware/ValidatePostSize.php(27): Illuminate\\Pipeline\\Pipeline->Illuminate\\Pipeline\\{closure}(Object(Illuminate\\Http\\Request))
#70 /Users/rudston/PhpstormProjects/ThinkSpace/TS_Laravel/vendor/laravel/framework/src/Illuminate/Pipeline/Pipeline.php(180): Illuminate\\Foundation\\Http\\Middleware\\ValidatePostSize->handle(Object(Illuminate\\Http\\Request), Object(Closure))
#71 /Users/rudston/PhpstormProjects/ThinkSpace/TS_Laravel/vendor/laravel/framework/src/Illuminate/Foundation/Http/Middleware/PreventRequestsDuringMaintenance.php(86): Illuminate\\Pipeline\\Pipeline->Illuminate\\Pipeline\\{closure}(Object(Illuminate\\Http\\Request))
#72 /Users/rudston/PhpstormProjects/ThinkSpace/TS_Laravel/vendor/laravel/framework/src/Illuminate/Pipeline/Pipeline.php(180): Illuminate\\Foundation\\Http\\Middleware\\PreventRequestsDuringMaintenance->handle(Object(Illuminate\\Http\\Request), Object(Closure))
#73 /Users/rudston/PhpstormProjects/ThinkSpace/TS_Laravel/vendor/fruitcake/laravel-cors/src/HandleCors.php(38): Illuminate\\Pipeline\\Pipeline->Illuminate\\Pipeline\\{closure}(Object(Illuminate\\Http\\Request))
#74 /Users/rudston/PhpstormProjects/ThinkSpace/TS_Laravel/vendor/laravel/framework/src/Illuminate/Pipeline/Pipeline.php(180): Fruitcake\\Cors\\HandleCors->handle(Object(Illuminate\\Http\\Request), Object(Closure))
#75 /Users/rudston/PhpstormProjects/ThinkSpace/TS_Laravel/vendor/laravel/framework/src/Illuminate/Http/Middleware/TrustProxies.php(39): Illuminate\\Pipeline\\Pipeline->Illuminate\\Pipeline\\{closure}(Object(Illuminate\\Http\\Request))
#76 /Users/rudston/PhpstormProjects/ThinkSpace/TS_Laravel/vendor/laravel/framework/src/Illuminate/Pipeline/Pipeline.php(180): Illuminate\\Http\\Middleware\\TrustProxies->handle(Object(Illuminate\\Http\\Request), Object(Closure))
#77 /Users/rudston/PhpstormProjects/ThinkSpace/TS_Laravel/vendor/laravel/framework/src/Illuminate/Pipeline/Pipeline.php(116): Illuminate\\Pipeline\\Pipeline->Illuminate\\Pipeline\\{closure}(Object(Illuminate\\Http\\Request))
#78 /Users/rudston/PhpstormProjects/ThinkSpace/TS_Laravel/vendor/laravel/framework/src/Illuminate/Foundation/Http/Kernel.php(165): Illuminate\\Pipeline\\Pipeline->then(Object(Closure))
#79 /Users/rudston/PhpstormProjects/ThinkSpace/TS_Laravel/vendor/laravel/framework/src/Illuminate/Foundation/Http/Kernel.php(134): Illuminate\\Foundation\\Http\\Kernel->sendRequestThroughRouter(Object(Illuminate\\Http\\Request))
#80 /Users/rudston/PhpstormProjects/ThinkSpace/TS_Laravel/public/index.php(52): Illuminate\\Foundation\\Http\\Kernel->handle(Object(Illuminate\\Http\\Request))
#81 {main}
"} 
[2023-02-13 15:30:25] local.INFO:   
[2023-02-13 15:32:32] local.INFO:   
[2023-02-13 15:34:25] local.INFO:   
[2023-02-13 15:35:25] local.INFO:   
[2023-02-14 13:37:06] local.ERROR: SQLSTATE[42S02]: Base table or view not found: 1146 Table 'filament.sessions' doesn't exist (SQL: select * from `sessions` where `id` = QaoS8pwe1YbWR25mWhxmQ2bf7RfzeuOPzZlE7ZZY limit 1) {"exception":"[object] (Illuminate\\Database\\QueryException(code: 42S02): SQLSTATE[42S02]: Base table or view not found: 1146 Table 'filament.sessions' doesn't exist (SQL: select * from `sessions` where `id` = QaoS8pwe1YbWR25mWhxmQ2bf7RfzeuOPzZlE7ZZY limit 1) at /Users/rudston/PhpstormProjects/Filament/vendor/laravel/framework/src/Illuminate/Database/Connection.php:760)
[stacktrace]
#0 /Users/rudston/PhpstormProjects/Filament/vendor/laravel/framework/src/Illuminate/Database/Connection.php(720): Illuminate\\Database\\Connection->runQueryCallback('select * from `...', Array, Object(Closure))
#1 /Users/rudston/PhpstormProjects/Filament/vendor/laravel/framework/src/Illuminate/Database/Connection.php(422): Illuminate\\Database\\Connection->run('select * from `...', Array, Object(Closure))
#2 /Users/rudston/PhpstormProjects/Filament/vendor/laravel/framework/src/Illuminate/Database/Query/Builder.php(2650): Illuminate\\Database\\Connection->select('select * from `...', Array, true)
#3 /Users/rudston/PhpstormProjects/Filament/vendor/laravel/framework/src/Illuminate/Database/Query/Builder.php(2638): Illuminate\\Database\\Query\\Builder->runSelect()
#4 /Users/rudston/PhpstormProjects/Filament/vendor/laravel/framework/src/Illuminate/Database/Query/Builder.php(3174): Illuminate\\Database\\Query\\Builder->Illuminate\\Database\\Query\\{closure}()
#5 /Users/rudston/PhpstormProjects/Filament/vendor/laravel/framework/src/Illuminate/Database/Query/Builder.php(2639): Illuminate\\Database\\Query\\Builder->onceWithColumns(Array, Object(Closure))
#6 /Users/rudston/PhpstormProjects/Filament/vendor/laravel/framework/src/Illuminate/Database/Concerns/BuildsQueries.php(296): Illuminate\\Database\\Query\\Builder->get(Array)
#7 /Users/rudston/PhpstormProjects/Filament/vendor/laravel/framework/src/Illuminate/Database/Query/Builder.php(2560): Illuminate\\Database\\Query\\Builder->first(Array)
#8 /Users/rudston/PhpstormProjects/Filament/vendor/laravel/framework/src/Illuminate/Session/DatabaseSessionHandler.php(97): Illuminate\\Database\\Query\\Builder->find('QaoS8pwe1YbWR25...')
#9 /Users/rudston/PhpstormProjects/Filament/vendor/laravel/framework/src/Illuminate/Session/Store.php(110): Illuminate\\Session\\DatabaseSessionHandler->read('QaoS8pwe1YbWR25...')
#10 /Users/rudston/PhpstormProjects/Filament/vendor/laravel/framework/src/Illuminate/Session/Store.php(98): Illuminate\\Session\\Store->readFromHandler()
#11 /Users/rudston/PhpstormProjects/Filament/vendor/laravel/framework/src/Illuminate/Session/Store.php(82): Illuminate\\Session\\Store->loadSession()
#12 /Users/rudston/PhpstormProjects/Filament/vendor/laravel/framework/src/Illuminate/Session/Middleware/StartSession.php(147): Illuminate\\Session\\Store->start()
#13 /Users/rudston/PhpstormProjects/Filament/vendor/laravel/framework/src/Illuminate/Support/helpers.php(306): Illuminate\\Session\\Middleware\\StartSession->Illuminate\\Session\\Middleware\\{closure}(Object(Illuminate\\Session\\Store))
#14 /Users/rudston/PhpstormProjects/Filament/vendor/laravel/framework/src/Illuminate/Session/Middleware/StartSession.php(148): tap(Object(Illuminate\\Session\\Store), Object(Closure))
#15 /Users/rudston/PhpstormProjects/Filament/vendor/laravel/framework/src/Illuminate/Session/Middleware/StartSession.php(116): Illuminate\\Session\\Middleware\\StartSession->startSession(Object(Illuminate\\Http\\Request), Object(Illuminate\\Session\\Store))
#16 /Users/rudston/PhpstormProjects/Filament/vendor/laravel/framework/src/Illuminate/Session/Middleware/StartSession.php(64): Illuminate\\Session\\Middleware\\StartSession->handleStatefulRequest(Object(Illuminate\\Http\\Request), Object(Illuminate\\Session\\Store), Object(Closure))
#17 /Users/rudston/PhpstormProjects/Filament/vendor/laravel/framework/src/Illuminate/Pipeline/Pipeline.php(180): Illuminate\\Session\\Middleware\\StartSession->handle(Object(Illuminate\\Http\\Request), Object(Closure))
#18 /Users/rudston/PhpstormProjects/Filament/vendor/laravel/framework/src/Illuminate/Cookie/Middleware/AddQueuedCookiesToResponse.php(37): Illuminate\\Pipeline\\Pipeline->Illuminate\\Pipeline\\{closure}(Object(Illuminate\\Http\\Request))
#19 /Users/rudston/PhpstormProjects/Filament/vendor/laravel/framework/src/Illuminate/Pipeline/Pipeline.php(180): Illuminate\\Cookie\\Middleware\\AddQueuedCookiesToResponse->handle(Object(Illuminate\\Http\\Request), Object(Closure))
#20 /Users/rudston/PhpstormProjects/Filament/vendor/laravel/framework/src/Illuminate/Cookie/Middleware/EncryptCookies.php(67): Illuminate\\Pipeline\\Pipeline->Illuminate\\Pipeline\\{closure}(Object(Illuminate\\Http\\Request))
#21 /Users/rudston/PhpstormProjects/Filament/vendor/laravel/framework/src/Illuminate/Pipeline/Pipeline.php(180): Illuminate\\Cookie\\Middleware\\EncryptCookies->handle(Object(Illuminate\\Http\\Request), Object(Closure))
#22 /Users/rudston/PhpstormProjects/Filament/vendor/laravel/framework/src/Illuminate/Pipeline/Pipeline.php(116): Illuminate\\Pipeline\\Pipeline->Illuminate\\Pipeline\\{closure}(Object(Illuminate\\Http\\Request))
#23 /Users/rudston/PhpstormProjects/Filament/vendor/laravel/framework/src/Illuminate/Routing/Router.php(799): Illuminate\\Pipeline\\Pipeline->then(Object(Closure))
#24 /Users/rudston/PhpstormProjects/Filament/vendor/laravel/framework/src/Illuminate/Routing/Router.php(776): Illuminate\\Routing\\Router->runRouteWithinStack(Object(Illuminate\\Routing\\Route), Object(Illuminate\\Http\\Request))
#25 /Users/rudston/PhpstormProjects/Filament/vendor/laravel/framework/src/Illuminate/Routing/Router.php(740): Illuminate\\Routing\\Router->runRoute(Object(Illuminate\\Http\\Request), Object(Illuminate\\Routing\\Route))
#26 /Users/rudston/PhpstormProjects/Filament/vendor/laravel/framework/src/Illuminate/Routing/Router.php(729): Illuminate\\Routing\\Router->dispatchToRoute(Object(Illuminate\\Http\\Request))
#27 /Users/rudston/PhpstormProjects/Filament/vendor/laravel/framework/src/Illuminate/Foundation/Http/Kernel.php(190): Illuminate\\Routing\\Router->dispatch(Object(Illuminate\\Http\\Request))
#28 /Users/rudston/PhpstormProjects/Filament/vendor/laravel/framework/src/Illuminate/Pipeline/Pipeline.php(141): Illuminate\\Foundation\\Http\\Kernel->Illuminate\\Foundation\\Http\\{closure}(Object(Illuminate\\Http\\Request))
#29 /Users/rudston/PhpstormProjects/Filament/vendor/livewire/livewire/src/DisableBrowserCache.php(19): Illuminate\\Pipeline\\Pipeline->Illuminate\\Pipeline\\{closure}(Object(Illuminate\\Http\\Request))
#30 /Users/rudston/PhpstormProjects/Filament/vendor/laravel/framework/src/Illuminate/Pipeline/Pipeline.php(180): Livewire\\DisableBrowserCache->handle(Object(Illuminate\\Http\\Request), Object(Closure))
#31 /Users/rudston/PhpstormProjects/Filament/vendor/barryvdh/laravel-debugbar/src/Middleware/InjectDebugbar.php(66): Illuminate\\Pipeline\\Pipeline->Illuminate\\Pipeline\\{closure}(Object(Illuminate\\Http\\Request))
#32 /Users/rudston/PhpstormProjects/Filament/vendor/laravel/framework/src/Illuminate/Pipeline/Pipeline.php(180): Barryvdh\\Debugbar\\Middleware\\InjectDebugbar->handle(Object(Illuminate\\Http\\Request), Object(Closure))
#33 /Users/rudston/PhpstormProjects/Filament/vendor/laravel/framework/src/Illuminate/Foundation/Http/Middleware/TransformsRequest.php(21): Illuminate\\Pipeline\\Pipeline->Illuminate\\Pipeline\\{closure}(Object(Illuminate\\Http\\Request))
#34 /Users/rudston/PhpstormProjects/Filament/vendor/laravel/framework/src/Illuminate/Foundation/Http/Middleware/ConvertEmptyStringsToNull.php(31): Illuminate\\Foundation\\Http\\Middleware\\TransformsRequest->handle(Object(Illuminate\\Http\\Request), Object(Closure))
#35 /Users/rudston/PhpstormProjects/Filament/vendor/laravel/framework/src/Illuminate/Pipeline/Pipeline.php(180): Illuminate\\Foundation\\Http\\Middleware\\ConvertEmptyStringsToNull->handle(Object(Illuminate\\Http\\Request), Object(Closure))
#36 /Users/rudston/PhpstormProjects/Filament/vendor/laravel/framework/src/Illuminate/Foundation/Http/Middleware/TransformsRequest.php(21): Illuminate\\Pipeline\\Pipeline->Illuminate\\Pipeline\\{closure}(Object(Illuminate\\Http\\Request))
#37 /Users/rudston/PhpstormProjects/Filament/vendor/laravel/framework/src/Illuminate/Foundation/Http/Middleware/TrimStrings.php(40): Illuminate\\Foundation\\Http\\Middleware\\TransformsRequest->handle(Object(Illuminate\\Http\\Request), Object(Closure))
#38 /Users/rudston/PhpstormProjects/Filament/vendor/laravel/framework/src/Illuminate/Pipeline/Pipeline.php(180): Illuminate\\Foundation\\Http\\Middleware\\TrimStrings->handle(Object(Illuminate\\Http\\Request), Object(Closure))
#39 /Users/rudston/PhpstormProjects/Filament/vendor/laravel/framework/src/Illuminate/Foundation/Http/Middleware/ValidatePostSize.php(27): Illuminate\\Pipeline\\Pipeline->Illuminate\\Pipeline\\{closure}(Object(Illuminate\\Http\\Request))
#40 /Users/rudston/PhpstormProjects/Filament/vendor/laravel/framework/src/Illuminate/Pipeline/Pipeline.php(180): Illuminate\\Foundation\\Http\\Middleware\\ValidatePostSize->handle(Object(Illuminate\\Http\\Request), Object(Closure))
#41 /Users/rudston/PhpstormProjects/Filament/vendor/laravel/framework/src/Illuminate/Foundation/Http/Middleware/PreventRequestsDuringMaintenance.php(86): Illuminate\\Pipeline\\Pipeline->Illuminate\\Pipeline\\{closure}(Object(Illuminate\\Http\\Request))
#42 /Users/rudston/PhpstormProjects/Filament/vendor/laravel/framework/src/Illuminate/Pipeline/Pipeline.php(180): Illuminate\\Foundation\\Http\\Middleware\\PreventRequestsDuringMaintenance->handle(Object(Illuminate\\Http\\Request), Object(Closure))
#43 /Users/rudston/PhpstormProjects/Filament/vendor/fruitcake/laravel-cors/src/HandleCors.php(38): Illuminate\\Pipeline\\Pipeline->Illuminate\\Pipeline\\{closure}(Object(Illuminate\\Http\\Request))
#44 /Users/rudston/PhpstormProjects/Filament/vendor/laravel/framework/src/Illuminate/Pipeline/Pipeline.php(180): Fruitcake\\Cors\\HandleCors->handle(Object(Illuminate\\Http\\Request), Object(Closure))
#45 /Users/rudston/PhpstormProjects/Filament/vendor/laravel/framework/src/Illuminate/Http/Middleware/TrustProxies.php(39): Illuminate\\Pipeline\\Pipeline->Illuminate\\Pipeline\\{closure}(Object(Illuminate\\Http\\Request))
#46 /Users/rudston/PhpstormProjects/Filament/vendor/laravel/framework/src/Illuminate/Pipeline/Pipeline.php(180): Illuminate\\Http\\Middleware\\TrustProxies->handle(Object(Illuminate\\Http\\Request), Object(Closure))
#47 /Users/rudston/PhpstormProjects/Filament/vendor/laravel/framework/src/Illuminate/Pipeline/Pipeline.php(116): Illuminate\\Pipeline\\Pipeline->Illuminate\\Pipeline\\{closure}(Object(Illuminate\\Http\\Request))
#48 /Users/rudston/PhpstormProjects/Filament/vendor/laravel/framework/src/Illuminate/Foundation/Http/Kernel.php(165): Illuminate\\Pipeline\\Pipeline->then(Object(Closure))
#49 /Users/rudston/PhpstormProjects/Filament/vendor/laravel/framework/src/Illuminate/Foundation/Http/Kernel.php(134): Illuminate\\Foundation\\Http\\Kernel->sendRequestThroughRouter(Object(Illuminate\\Http\\Request))
#50 /Users/rudston/PhpstormProjects/Filament/public/index.php(52): Illuminate\\Foundation\\Http\\Kernel->handle(Object(Illuminate\\Http\\Request))
#51 {main}

[previous exception] [object] (PDOException(code: 42S02): SQLSTATE[42S02]: Base table or view not found: 1146 Table 'filament.sessions' doesn't exist at /Users/rudston/PhpstormProjects/Filament/vendor/laravel/framework/src/Illuminate/Database/Connection.php:414)
[stacktrace]
#0 /Users/rudston/PhpstormProjects/Filament/vendor/laravel/framework/src/Illuminate/Database/Connection.php(414): PDO->prepare('select * from `...')
#1 /Users/rudston/PhpstormProjects/Filament/vendor/laravel/framework/src/Illuminate/Database/Connection.php(753): Illuminate\\Database\\Connection->Illuminate\\Database\\{closure}('select * from `...', Array)
#2 /Users/rudston/PhpstormProjects/Filament/vendor/laravel/framework/src/Illuminate/Database/Connection.php(720): Illuminate\\Database\\Connection->runQueryCallback('select * from `...', Array, Object(Closure))
#3 /Users/rudston/PhpstormProjects/Filament/vendor/laravel/framework/src/Illuminate/Database/Connection.php(422): Illuminate\\Database\\Connection->run('select * from `...', Array, Object(Closure))
#4 /Users/rudston/PhpstormProjects/Filament/vendor/laravel/framework/src/Illuminate/Database/Query/Builder.php(2650): Illuminate\\Database\\Connection->select('select * from `...', Array, true)
#5 /Users/rudston/PhpstormProjects/Filament/vendor/laravel/framework/src/Illuminate/Database/Query/Builder.php(2638): Illuminate\\Database\\Query\\Builder->runSelect()
#6 /Users/rudston/PhpstormProjects/Filament/vendor/laravel/framework/src/Illuminate/Database/Query/Builder.php(3174): Illuminate\\Database\\Query\\Builder->Illuminate\\Database\\Query\\{closure}()
#7 /Users/rudston/PhpstormProjects/Filament/vendor/laravel/framework/src/Illuminate/Database/Query/Builder.php(2639): Illuminate\\Database\\Query\\Builder->onceWithColumns(Array, Object(Closure))
#8 /Users/rudston/PhpstormProjects/Filament/vendor/laravel/framework/src/Illuminate/Database/Concerns/BuildsQueries.php(296): Illuminate\\Database\\Query\\Builder->get(Array)
#9 /Users/rudston/PhpstormProjects/Filament/vendor/laravel/framework/src/Illuminate/Database/Query/Builder.php(2560): Illuminate\\Database\\Query\\Builder->first(Array)
#10 /Users/rudston/PhpstormProjects/Filament/vendor/laravel/framework/src/Illuminate/Session/DatabaseSessionHandler.php(97): Illuminate\\Database\\Query\\Builder->find('QaoS8pwe1YbWR25...')
#11 /Users/rudston/PhpstormProjects/Filament/vendor/laravel/framework/src/Illuminate/Session/Store.php(110): Illuminate\\Session\\DatabaseSessionHandler->read('QaoS8pwe1YbWR25...')
#12 /Users/rudston/PhpstormProjects/Filament/vendor/laravel/framework/src/Illuminate/Session/Store.php(98): Illuminate\\Session\\Store->readFromHandler()
#13 /Users/rudston/PhpstormProjects/Filament/vendor/laravel/framework/src/Illuminate/Session/Store.php(82): Illuminate\\Session\\Store->loadSession()
#14 /Users/rudston/PhpstormProjects/Filament/vendor/laravel/framework/src/Illuminate/Session/Middleware/StartSession.php(147): Illuminate\\Session\\Store->start()
#15 /Users/rudston/PhpstormProjects/Filament/vendor/laravel/framework/src/Illuminate/Support/helpers.php(306): Illuminate\\Session\\Middleware\\StartSession->Illuminate\\Session\\Middleware\\{closure}(Object(Illuminate\\Session\\Store))
#16 /Users/rudston/PhpstormProjects/Filament/vendor/laravel/framework/src/Illuminate/Session/Middleware/StartSession.php(148): tap(Object(Illuminate\\Session\\Store), Object(Closure))
#17 /Users/rudston/PhpstormProjects/Filament/vendor/laravel/framework/src/Illuminate/Session/Middleware/StartSession.php(116): Illuminate\\Session\\Middleware\\StartSession->startSession(Object(Illuminate\\Http\\Request), Object(Illuminate\\Session\\Store))
#18 /Users/rudston/PhpstormProjects/Filament/vendor/laravel/framework/src/Illuminate/Session/Middleware/StartSession.php(64): Illuminate\\Session\\Middleware\\StartSession->handleStatefulRequest(Object(Illuminate\\Http\\Request), Object(Illuminate\\Session\\Store), Object(Closure))
#19 /Users/rudston/PhpstormProjects/Filament/vendor/laravel/framework/src/Illuminate/Pipeline/Pipeline.php(180): Illuminate\\Session\\Middleware\\StartSession->handle(Object(Illuminate\\Http\\Request), Object(Closure))
#20 /Users/rudston/PhpstormProjects/Filament/vendor/laravel/framework/src/Illuminate/Cookie/Middleware/AddQueuedCookiesToResponse.php(37): Illuminate\\Pipeline\\Pipeline->Illuminate\\Pipeline\\{closure}(Object(Illuminate\\Http\\Request))
#21 /Users/rudston/PhpstormProjects/Filament/vendor/laravel/framework/src/Illuminate/Pipeline/Pipeline.php(180): Illuminate\\Cookie\\Middleware\\AddQueuedCookiesToResponse->handle(Object(Illuminate\\Http\\Request), Object(Closure))
#22 /Users/rudston/PhpstormProjects/Filament/vendor/laravel/framework/src/Illuminate/Cookie/Middleware/EncryptCookies.php(67): Illuminate\\Pipeline\\Pipeline->Illuminate\\Pipeline\\{closure}(Object(Illuminate\\Http\\Request))
#23 /Users/rudston/PhpstormProjects/Filament/vendor/laravel/framework/src/Illuminate/Pipeline/Pipeline.php(180): Illuminate\\Cookie\\Middleware\\EncryptCookies->handle(Object(Illuminate\\Http\\Request), Object(Closure))
#24 /Users/rudston/PhpstormProjects/Filament/vendor/laravel/framework/src/Illuminate/Pipeline/Pipeline.php(116): Illuminate\\Pipeline\\Pipeline->Illuminate\\Pipeline\\{closure}(Object(Illuminate\\Http\\Request))
#25 /Users/rudston/PhpstormProjects/Filament/vendor/laravel/framework/src/Illuminate/Routing/Router.php(799): Illuminate\\Pipeline\\Pipeline->then(Object(Closure))
#26 /Users/rudston/PhpstormProjects/Filament/vendor/laravel/framework/src/Illuminate/Routing/Router.php(776): Illuminate\\Routing\\Router->runRouteWithinStack(Object(Illuminate\\Routing\\Route), Object(Illuminate\\Http\\Request))
#27 /Users/rudston/PhpstormProjects/Filament/vendor/laravel/framework/src/Illuminate/Routing/Router.php(740): Illuminate\\Routing\\Router->runRoute(Object(Illuminate\\Http\\Request), Object(Illuminate\\Routing\\Route))
#28 /Users/rudston/PhpstormProjects/Filament/vendor/laravel/framework/src/Illuminate/Routing/Router.php(729): Illuminate\\Routing\\Router->dispatchToRoute(Object(Illuminate\\Http\\Request))
#29 /Users/rudston/PhpstormProjects/Filament/vendor/laravel/framework/src/Illuminate/Foundation/Http/Kernel.php(190): Illuminate\\Routing\\Router->dispatch(Object(Illuminate\\Http\\Request))
#30 /Users/rudston/PhpstormProjects/Filament/vendor/laravel/framework/src/Illuminate/Pipeline/Pipeline.php(141): Illuminate\\Foundation\\Http\\Kernel->Illuminate\\Foundation\\Http\\{closure}(Object(Illuminate\\Http\\Request))
#31 /Users/rudston/PhpstormProjects/Filament/vendor/livewire/livewire/src/DisableBrowserCache.php(19): Illuminate\\Pipeline\\Pipeline->Illuminate\\Pipeline\\{closure}(Object(Illuminate\\Http\\Request))
#32 /Users/rudston/PhpstormProjects/Filament/vendor/laravel/framework/src/Illuminate/Pipeline/Pipeline.php(180): Livewire\\DisableBrowserCache->handle(Object(Illuminate\\Http\\Request), Object(Closure))
#33 /Users/rudston/PhpstormProjects/Filament/vendor/barryvdh/laravel-debugbar/src/Middleware/InjectDebugbar.php(66): Illuminate\\Pipeline\\Pipeline->Illuminate\\Pipeline\\{closure}(Object(Illuminate\\Http\\Request))
#34 /Users/rudston/PhpstormProjects/Filament/vendor/laravel/framework/src/Illuminate/Pipeline/Pipeline.php(180): Barryvdh\\Debugbar\\Middleware\\InjectDebugbar->handle(Object(Illuminate\\Http\\Request), Object(Closure))
#35 /Users/rudston/PhpstormProjects/Filament/vendor/laravel/framework/src/Illuminate/Foundation/Http/Middleware/TransformsRequest.php(21): Illuminate\\Pipeline\\Pipeline->Illuminate\\Pipeline\\{closure}(Object(Illuminate\\Http\\Request))
#36 /Users/rudston/PhpstormProjects/Filament/vendor/laravel/framework/src/Illuminate/Foundation/Http/Middleware/ConvertEmptyStringsToNull.php(31): Illuminate\\Foundation\\Http\\Middleware\\TransformsRequest->handle(Object(Illuminate\\Http\\Request), Object(Closure))
#37 /Users/rudston/PhpstormProjects/Filament/vendor/laravel/framework/src/Illuminate/Pipeline/Pipeline.php(180): Illuminate\\Foundation\\Http\\Middleware\\ConvertEmptyStringsToNull->handle(Object(Illuminate\\Http\\Request), Object(Closure))
#38 /Users/rudston/PhpstormProjects/Filament/vendor/laravel/framework/src/Illuminate/Foundation/Http/Middleware/TransformsRequest.php(21): Illuminate\\Pipeline\\Pipeline->Illuminate\\Pipeline\\{closure}(Object(Illuminate\\Http\\Request))
#39 /Users/rudston/PhpstormProjects/Filament/vendor/laravel/framework/src/Illuminate/Foundation/Http/Middleware/TrimStrings.php(40): Illuminate\\Foundation\\Http\\Middleware\\TransformsRequest->handle(Object(Illuminate\\Http\\Request), Object(Closure))
#40 /Users/rudston/PhpstormProjects/Filament/vendor/laravel/framework/src/Illuminate/Pipeline/Pipeline.php(180): Illuminate\\Foundation\\Http\\Middleware\\TrimStrings->handle(Object(Illuminate\\Http\\Request), Object(Closure))
#41 /Users/rudston/PhpstormProjects/Filament/vendor/laravel/framework/src/Illuminate/Foundation/Http/Middleware/ValidatePostSize.php(27): Illuminate\\Pipeline\\Pipeline->Illuminate\\Pipeline\\{closure}(Object(Illuminate\\Http\\Request))
#42 /Users/rudston/PhpstormProjects/Filament/vendor/laravel/framework/src/Illuminate/Pipeline/Pipeline.php(180): Illuminate\\Foundation\\Http\\Middleware\\ValidatePostSize->handle(Object(Illuminate\\Http\\Request), Object(Closure))
#43 /Users/rudston/PhpstormProjects/Filament/vendor/laravel/framework/src/Illuminate/Foundation/Http/Middleware/PreventRequestsDuringMaintenance.php(86): Illuminate\\Pipeline\\Pipeline->Illuminate\\Pipeline\\{closure}(Object(Illuminate\\Http\\Request))
#44 /Users/rudston/PhpstormProjects/Filament/vendor/laravel/framework/src/Illuminate/Pipeline/Pipeline.php(180): Illuminate\\Foundation\\Http\\Middleware\\PreventRequestsDuringMaintenance->handle(Object(Illuminate\\Http\\Request), Object(Closure))
#45 /Users/rudston/PhpstormProjects/Filament/vendor/fruitcake/laravel-cors/src/HandleCors.php(38): Illuminate\\Pipeline\\Pipeline->Illuminate\\Pipeline\\{closure}(Object(Illuminate\\Http\\Request))
#46 /Users/rudston/PhpstormProjects/Filament/vendor/laravel/framework/src/Illuminate/Pipeline/Pipeline.php(180): Fruitcake\\Cors\\HandleCors->handle(Object(Illuminate\\Http\\Request), Object(Closure))
#47 /Users/rudston/PhpstormProjects/Filament/vendor/laravel/framework/src/Illuminate/Http/Middleware/TrustProxies.php(39): Illuminate\\Pipeline\\Pipeline->Illuminate\\Pipeline\\{closure}(Object(Illuminate\\Http\\Request))
#48 /Users/rudston/PhpstormProjects/Filament/vendor/laravel/framework/src/Illuminate/Pipeline/Pipeline.php(180): Illuminate\\Http\\Middleware\\TrustProxies->handle(Object(Illuminate\\Http\\Request), Object(Closure))
#49 /Users/rudston/PhpstormProjects/Filament/vendor/laravel/framework/src/Illuminate/Pipeline/Pipeline.php(116): Illuminate\\Pipeline\\Pipeline->Illuminate\\Pipeline\\{closure}(Object(Illuminate\\Http\\Request))
#50 /Users/rudston/PhpstormProjects/Filament/vendor/laravel/framework/src/Illuminate/Foundation/Http/Kernel.php(165): Illuminate\\Pipeline\\Pipeline->then(Object(Closure))
#51 /Users/rudston/PhpstormProjects/Filament/vendor/laravel/framework/src/Illuminate/Foundation/Http/Kernel.php(134): Illuminate\\Foundation\\Http\\Kernel->sendRequestThroughRouter(Object(Illuminate\\Http\\Request))
#52 /Users/rudston/PhpstormProjects/Filament/public/index.php(52): Illuminate\\Foundation\\Http\\Kernel->handle(Object(Illuminate\\Http\\Request))
#53 {main}
"} 
[2023-02-14 13:37:07] local.ERROR: Debugbar exception: SQLSTATE[42S02]: Base table or view not found: 1146 Table 'filament.sessions' doesn't exist (SQL: select * from `sessions` where `id` = QaoS8pwe1YbWR25mWhxmQ2bf7RfzeuOPzZlE7ZZY limit 1)  
[2023-02-14 13:37:08] local.ERROR: SQLSTATE[42S02]: Base table or view not found: 1146 Table 'filament.sessions' doesn't exist (SQL: select * from `sessions` where `id` = QaoS8pwe1YbWR25mWhxmQ2bf7RfzeuOPzZlE7ZZY limit 1) {"exception":"[object] (Illuminate\\Database\\QueryException(code: 42S02): SQLSTATE[42S02]: Base table or view not found: 1146 Table 'filament.sessions' doesn't exist (SQL: select * from `sessions` where `id` = QaoS8pwe1YbWR25mWhxmQ2bf7RfzeuOPzZlE7ZZY limit 1) at /Users/rudston/PhpstormProjects/Filament/vendor/laravel/framework/src/Illuminate/Database/Connection.php:760)
[stacktrace]
#0 /Users/rudston/PhpstormProjects/Filament/vendor/laravel/framework/src/Illuminate/Database/Connection.php(720): Illuminate\\Database\\Connection->runQueryCallback('select * from `...', Array, Object(Closure))
#1 /Users/rudston/PhpstormProjects/Filament/vendor/laravel/framework/src/Illuminate/Database/Connection.php(422): Illuminate\\Database\\Connection->run('select * from `...', Array, Object(Closure))
#2 /Users/rudston/PhpstormProjects/Filament/vendor/laravel/framework/src/Illuminate/Database/Query/Builder.php(2650): Illuminate\\Database\\Connection->select('select * from `...', Array, true)
#3 /Users/rudston/PhpstormProjects/Filament/vendor/laravel/framework/src/Illuminate/Database/Query/Builder.php(2638): Illuminate\\Database\\Query\\Builder->runSelect()
#4 /Users/rudston/PhpstormProjects/Filament/vendor/laravel/framework/src/Illuminate/Database/Query/Builder.php(3174): Illuminate\\Database\\Query\\Builder->Illuminate\\Database\\Query\\{closure}()
#5 /Users/rudston/PhpstormProjects/Filament/vendor/laravel/framework/src/Illuminate/Database/Query/Builder.php(2639): Illuminate\\Database\\Query\\Builder->onceWithColumns(Array, Object(Closure))
#6 /Users/rudston/PhpstormProjects/Filament/vendor/laravel/framework/src/Illuminate/Database/Concerns/BuildsQueries.php(296): Illuminate\\Database\\Query\\Builder->get(Array)
#7 /Users/rudston/PhpstormProjects/Filament/vendor/laravel/framework/src/Illuminate/Database/Query/Builder.php(2560): Illuminate\\Database\\Query\\Builder->first(Array)
#8 /Users/rudston/PhpstormProjects/Filament/vendor/laravel/framework/src/Illuminate/Session/DatabaseSessionHandler.php(97): Illuminate\\Database\\Query\\Builder->find('QaoS8pwe1YbWR25...')
#9 /Users/rudston/PhpstormProjects/Filament/vendor/laravel/framework/src/Illuminate/Session/Store.php(110): Illuminate\\Session\\DatabaseSessionHandler->read('QaoS8pwe1YbWR25...')
#10 /Users/rudston/PhpstormProjects/Filament/vendor/laravel/framework/src/Illuminate/Session/Store.php(98): Illuminate\\Session\\Store->readFromHandler()
#11 /Users/rudston/PhpstormProjects/Filament/vendor/laravel/framework/src/Illuminate/Session/Store.php(82): Illuminate\\Session\\Store->loadSession()
#12 /Users/rudston/PhpstormProjects/Filament/vendor/laravel/framework/src/Illuminate/Session/Middleware/StartSession.php(147): Illuminate\\Session\\Store->start()
#13 /Users/rudston/PhpstormProjects/Filament/vendor/laravel/framework/src/Illuminate/Support/helpers.php(306): Illuminate\\Session\\Middleware\\StartSession->Illuminate\\Session\\Middleware\\{closure}(Object(Illuminate\\Session\\Store))
#14 /Users/rudston/PhpstormProjects/Filament/vendor/laravel/framework/src/Illuminate/Session/Middleware/StartSession.php(148): tap(Object(Illuminate\\Session\\Store), Object(Closure))
#15 /Users/rudston/PhpstormProjects/Filament/vendor/laravel/framework/src/Illuminate/Session/Middleware/StartSession.php(116): Illuminate\\Session\\Middleware\\StartSession->startSession(Object(Illuminate\\Http\\Request), Object(Illuminate\\Session\\Store))
#16 /Users/rudston/PhpstormProjects/Filament/vendor/laravel/framework/src/Illuminate/Session/Middleware/StartSession.php(64): Illuminate\\Session\\Middleware\\StartSession->handleStatefulRequest(Object(Illuminate\\Http\\Request), Object(Illuminate\\Session\\Store), Object(Closure))
#17 /Users/rudston/PhpstormProjects/Filament/vendor/laravel/framework/src/Illuminate/Pipeline/Pipeline.php(180): Illuminate\\Session\\Middleware\\StartSession->handle(Object(Illuminate\\Http\\Request), Object(Closure))
#18 /Users/rudston/PhpstormProjects/Filament/vendor/laravel/framework/src/Illuminate/Cookie/Middleware/AddQueuedCookiesToResponse.php(37): Illuminate\\Pipeline\\Pipeline->Illuminate\\Pipeline\\{closure}(Object(Illuminate\\Http\\Request))
#19 /Users/rudston/PhpstormProjects/Filament/vendor/laravel/framework/src/Illuminate/Pipeline/Pipeline.php(180): Illuminate\\Cookie\\Middleware\\AddQueuedCookiesToResponse->handle(Object(Illuminate\\Http\\Request), Object(Closure))
#20 /Users/rudston/PhpstormProjects/Filament/vendor/laravel/framework/src/Illuminate/Cookie/Middleware/EncryptCookies.php(67): Illuminate\\Pipeline\\Pipeline->Illuminate\\Pipeline\\{closure}(Object(Illuminate\\Http\\Request))
#21 /Users/rudston/PhpstormProjects/Filament/vendor/laravel/framework/src/Illuminate/Pipeline/Pipeline.php(180): Illuminate\\Cookie\\Middleware\\EncryptCookies->handle(Object(Illuminate\\Http\\Request), Object(Closure))
#22 /Users/rudston/PhpstormProjects/Filament/vendor/laravel/framework/src/Illuminate/Pipeline/Pipeline.php(116): Illuminate\\Pipeline\\Pipeline->Illuminate\\Pipeline\\{closure}(Object(Illuminate\\Http\\Request))
#23 /Users/rudston/PhpstormProjects/Filament/vendor/laravel/framework/src/Illuminate/Routing/Router.php(799): Illuminate\\Pipeline\\Pipeline->then(Object(Closure))
#24 /Users/rudston/PhpstormProjects/Filament/vendor/laravel/framework/src/Illuminate/Routing/Router.php(776): Illuminate\\Routing\\Router->runRouteWithinStack(Object(Illuminate\\Routing\\Route), Object(Illuminate\\Http\\Request))
#25 /Users/rudston/PhpstormProjects/Filament/vendor/laravel/framework/src/Illuminate/Routing/Router.php(740): Illuminate\\Routing\\Router->runRoute(Object(Illuminate\\Http\\Request), Object(Illuminate\\Routing\\Route))
#26 /Users/rudston/PhpstormProjects/Filament/vendor/laravel/framework/src/Illuminate/Routing/Router.php(729): Illuminate\\Routing\\Router->dispatchToRoute(Object(Illuminate\\Http\\Request))
#27 /Users/rudston/PhpstormProjects/Filament/vendor/laravel/framework/src/Illuminate/Foundation/Http/Kernel.php(190): Illuminate\\Routing\\Router->dispatch(Object(Illuminate\\Http\\Request))
#28 /Users/rudston/PhpstormProjects/Filament/vendor/laravel/framework/src/Illuminate/Pipeline/Pipeline.php(141): Illuminate\\Foundation\\Http\\Kernel->Illuminate\\Foundation\\Http\\{closure}(Object(Illuminate\\Http\\Request))
#29 /Users/rudston/PhpstormProjects/Filament/vendor/livewire/livewire/src/DisableBrowserCache.php(19): Illuminate\\Pipeline\\Pipeline->Illuminate\\Pipeline\\{closure}(Object(Illuminate\\Http\\Request))
#30 /Users/rudston/PhpstormProjects/Filament/vendor/laravel/framework/src/Illuminate/Pipeline/Pipeline.php(180): Livewire\\DisableBrowserCache->handle(Object(Illuminate\\Http\\Request), Object(Closure))
#31 /Users/rudston/PhpstormProjects/Filament/vendor/barryvdh/laravel-debugbar/src/Middleware/InjectDebugbar.php(66): Illuminate\\Pipeline\\Pipeline->Illuminate\\Pipeline\\{closure}(Object(Illuminate\\Http\\Request))
#32 /Users/rudston/PhpstormProjects/Filament/vendor/laravel/framework/src/Illuminate/Pipeline/Pipeline.php(180): Barryvdh\\Debugbar\\Middleware\\InjectDebugbar->handle(Object(Illuminate\\Http\\Request), Object(Closure))
#33 /Users/rudston/PhpstormProjects/Filament/vendor/laravel/framework/src/Illuminate/Foundation/Http/Middleware/TransformsRequest.php(21): Illuminate\\Pipeline\\Pipeline->Illuminate\\Pipeline\\{closure}(Object(Illuminate\\Http\\Request))
#34 /Users/rudston/PhpstormProjects/Filament/vendor/laravel/framework/src/Illuminate/Foundation/Http/Middleware/ConvertEmptyStringsToNull.php(31): Illuminate\\Foundation\\Http\\Middleware\\TransformsRequest->handle(Object(Illuminate\\Http\\Request), Object(Closure))
#35 /Users/rudston/PhpstormProjects/Filament/vendor/laravel/framework/src/Illuminate/Pipeline/Pipeline.php(180): Illuminate\\Foundation\\Http\\Middleware\\ConvertEmptyStringsToNull->handle(Object(Illuminate\\Http\\Request), Object(Closure))
#36 /Users/rudston/PhpstormProjects/Filament/vendor/laravel/framework/src/Illuminate/Foundation/Http/Middleware/TransformsRequest.php(21): Illuminate\\Pipeline\\Pipeline->Illuminate\\Pipeline\\{closure}(Object(Illuminate\\Http\\Request))
#37 /Users/rudston/PhpstormProjects/Filament/vendor/laravel/framework/src/Illuminate/Foundation/Http/Middleware/TrimStrings.php(40): Illuminate\\Foundation\\Http\\Middleware\\TransformsRequest->handle(Object(Illuminate\\Http\\Request), Object(Closure))
#38 /Users/rudston/PhpstormProjects/Filament/vendor/laravel/framework/src/Illuminate/Pipeline/Pipeline.php(180): Illuminate\\Foundation\\Http\\Middleware\\TrimStrings->handle(Object(Illuminate\\Http\\Request), Object(Closure))
#39 /Users/rudston/PhpstormProjects/Filament/vendor/laravel/framework/src/Illuminate/Foundation/Http/Middleware/ValidatePostSize.php(27): Illuminate\\Pipeline\\Pipeline->Illuminate\\Pipeline\\{closure}(Object(Illuminate\\Http\\Request))
#40 /Users/rudston/PhpstormProjects/Filament/vendor/laravel/framework/src/Illuminate/Pipeline/Pipeline.php(180): Illuminate\\Foundation\\Http\\Middleware\\ValidatePostSize->handle(Object(Illuminate\\Http\\Request), Object(Closure))
#41 /Users/rudston/PhpstormProjects/Filament/vendor/laravel/framework/src/Illuminate/Foundation/Http/Middleware/PreventRequestsDuringMaintenance.php(86): Illuminate\\Pipeline\\Pipeline->Illuminate\\Pipeline\\{closure}(Object(Illuminate\\Http\\Request))
#42 /Users/rudston/PhpstormProjects/Filament/vendor/laravel/framework/src/Illuminate/Pipeline/Pipeline.php(180): Illuminate\\Foundation\\Http\\Middleware\\PreventRequestsDuringMaintenance->handle(Object(Illuminate\\Http\\Request), Object(Closure))
#43 /Users/rudston/PhpstormProjects/Filament/vendor/fruitcake/laravel-cors/src/HandleCors.php(38): Illuminate\\Pipeline\\Pipeline->Illuminate\\Pipeline\\{closure}(Object(Illuminate\\Http\\Request))
#44 /Users/rudston/PhpstormProjects/Filament/vendor/laravel/framework/src/Illuminate/Pipeline/Pipeline.php(180): Fruitcake\\Cors\\HandleCors->handle(Object(Illuminate\\Http\\Request), Object(Closure))
#45 /Users/rudston/PhpstormProjects/Filament/vendor/laravel/framework/src/Illuminate/Http/Middleware/TrustProxies.php(39): Illuminate\\Pipeline\\Pipeline->Illuminate\\Pipeline\\{closure}(Object(Illuminate\\Http\\Request))
#46 /Users/rudston/PhpstormProjects/Filament/vendor/laravel/framework/src/Illuminate/Pipeline/Pipeline.php(180): Illuminate\\Http\\Middleware\\TrustProxies->handle(Object(Illuminate\\Http\\Request), Object(Closure))
#47 /Users/rudston/PhpstormProjects/Filament/vendor/laravel/framework/src/Illuminate/Pipeline/Pipeline.php(116): Illuminate\\Pipeline\\Pipeline->Illuminate\\Pipeline\\{closure}(Object(Illuminate\\Http\\Request))
#48 /Users/rudston/PhpstormProjects/Filament/vendor/laravel/framework/src/Illuminate/Foundation/Http/Kernel.php(165): Illuminate\\Pipeline\\Pipeline->then(Object(Closure))
#49 /Users/rudston/PhpstormProjects/Filament/vendor/laravel/framework/src/Illuminate/Foundation/Http/Kernel.php(134): Illuminate\\Foundation\\Http\\Kernel->sendRequestThroughRouter(Object(Illuminate\\Http\\Request))
#50 /Users/rudston/PhpstormProjects/Filament/public/index.php(52): Illuminate\\Foundation\\Http\\Kernel->handle(Object(Illuminate\\Http\\Request))
#51 {main}

[previous exception] [object] (PDOException(code: 42S02): SQLSTATE[42S02]: Base table or view not found: 1146 Table 'filament.sessions' doesn't exist at /Users/rudston/PhpstormProjects/Filament/vendor/laravel/framework/src/Illuminate/Database/Connection.php:414)
[stacktrace]
#0 /Users/rudston/PhpstormProjects/Filament/vendor/laravel/framework/src/Illuminate/Database/Connection.php(414): PDO->prepare('select * from `...')
#1 /Users/rudston/PhpstormProjects/Filament/vendor/laravel/framework/src/Illuminate/Database/Connection.php(753): Illuminate\\Database\\Connection->Illuminate\\Database\\{closure}('select * from `...', Array)
#2 /Users/rudston/PhpstormProjects/Filament/vendor/laravel/framework/src/Illuminate/Database/Connection.php(720): Illuminate\\Database\\Connection->runQueryCallback('select * from `...', Array, Object(Closure))
#3 /Users/rudston/PhpstormProjects/Filament/vendor/laravel/framework/src/Illuminate/Database/Connection.php(422): Illuminate\\Database\\Connection->run('select * from `...', Array, Object(Closure))
#4 /Users/rudston/PhpstormProjects/Filament/vendor/laravel/framework/src/Illuminate/Database/Query/Builder.php(2650): Illuminate\\Database\\Connection->select('select * from `...', Array, true)
#5 /Users/rudston/PhpstormProjects/Filament/vendor/laravel/framework/src/Illuminate/Database/Query/Builder.php(2638): Illuminate\\Database\\Query\\Builder->runSelect()
#6 /Users/rudston/PhpstormProjects/Filament/vendor/laravel/framework/src/Illuminate/Database/Query/Builder.php(3174): Illuminate\\Database\\Query\\Builder->Illuminate\\Database\\Query\\{closure}()
#7 /Users/rudston/PhpstormProjects/Filament/vendor/laravel/framework/src/Illuminate/Database/Query/Builder.php(2639): Illuminate\\Database\\Query\\Builder->onceWithColumns(Array, Object(Closure))
#8 /Users/rudston/PhpstormProjects/Filament/vendor/laravel/framework/src/Illuminate/Database/Concerns/BuildsQueries.php(296): Illuminate\\Database\\Query\\Builder->get(Array)
#9 /Users/rudston/PhpstormProjects/Filament/vendor/laravel/framework/src/Illuminate/Database/Query/Builder.php(2560): Illuminate\\Database\\Query\\Builder->first(Array)
#10 /Users/rudston/PhpstormProjects/Filament/vendor/laravel/framework/src/Illuminate/Session/DatabaseSessionHandler.php(97): Illuminate\\Database\\Query\\Builder->find('QaoS8pwe1YbWR25...')
#11 /Users/rudston/PhpstormProjects/Filament/vendor/laravel/framework/src/Illuminate/Session/Store.php(110): Illuminate\\Session\\DatabaseSessionHandler->read('QaoS8pwe1YbWR25...')
#12 /Users/rudston/PhpstormProjects/Filament/vendor/laravel/framework/src/Illuminate/Session/Store.php(98): Illuminate\\Session\\Store->readFromHandler()
#13 /Users/rudston/PhpstormProjects/Filament/vendor/laravel/framework/src/Illuminate/Session/Store.php(82): Illuminate\\Session\\Store->loadSession()
#14 /Users/rudston/PhpstormProjects/Filament/vendor/laravel/framework/src/Illuminate/Session/Middleware/StartSession.php(147): Illuminate\\Session\\Store->start()
#15 /Users/rudston/PhpstormProjects/Filament/vendor/laravel/framework/src/Illuminate/Support/helpers.php(306): Illuminate\\Session\\Middleware\\StartSession->Illuminate\\Session\\Middleware\\{closure}(Object(Illuminate\\Session\\Store))
#16 /Users/rudston/PhpstormProjects/Filament/vendor/laravel/framework/src/Illuminate/Session/Middleware/StartSession.php(148): tap(Object(Illuminate\\Session\\Store), Object(Closure))
#17 /Users/rudston/PhpstormProjects/Filament/vendor/laravel/framework/src/Illuminate/Session/Middleware/StartSession.php(116): Illuminate\\Session\\Middleware\\StartSession->startSession(Object(Illuminate\\Http\\Request), Object(Illuminate\\Session\\Store))
#18 /Users/rudston/PhpstormProjects/Filament/vendor/laravel/framework/src/Illuminate/Session/Middleware/StartSession.php(64): Illuminate\\Session\\Middleware\\StartSession->handleStatefulRequest(Object(Illuminate\\Http\\Request), Object(Illuminate\\Session\\Store), Object(Closure))
#19 /Users/rudston/PhpstormProjects/Filament/vendor/laravel/framework/src/Illuminate/Pipeline/Pipeline.php(180): Illuminate\\Session\\Middleware\\StartSession->handle(Object(Illuminate\\Http\\Request), Object(Closure))
#20 /Users/rudston/PhpstormProjects/Filament/vendor/laravel/framework/src/Illuminate/Cookie/Middleware/AddQueuedCookiesToResponse.php(37): Illuminate\\Pipeline\\Pipeline->Illuminate\\Pipeline\\{closure}(Object(Illuminate\\Http\\Request))
#21 /Users/rudston/PhpstormProjects/Filament/vendor/laravel/framework/src/Illuminate/Pipeline/Pipeline.php(180): Illuminate\\Cookie\\Middleware\\AddQueuedCookiesToResponse->handle(Object(Illuminate\\Http\\Request), Object(Closure))
#22 /Users/rudston/PhpstormProjects/Filament/vendor/laravel/framework/src/Illuminate/Cookie/Middleware/EncryptCookies.php(67): Illuminate\\Pipeline\\Pipeline->Illuminate\\Pipeline\\{closure}(Object(Illuminate\\Http\\Request))
#23 /Users/rudston/PhpstormProjects/Filament/vendor/laravel/framework/src/Illuminate/Pipeline/Pipeline.php(180): Illuminate\\Cookie\\Middleware\\EncryptCookies->handle(Object(Illuminate\\Http\\Request), Object(Closure))
#24 /Users/rudston/PhpstormProjects/Filament/vendor/laravel/framework/src/Illuminate/Pipeline/Pipeline.php(116): Illuminate\\Pipeline\\Pipeline->Illuminate\\Pipeline\\{closure}(Object(Illuminate\\Http\\Request))
#25 /Users/rudston/PhpstormProjects/Filament/vendor/laravel/framework/src/Illuminate/Routing/Router.php(799): Illuminate\\Pipeline\\Pipeline->then(Object(Closure))
#26 /Users/rudston/PhpstormProjects/Filament/vendor/laravel/framework/src/Illuminate/Routing/Router.php(776): Illuminate\\Routing\\Router->runRouteWithinStack(Object(Illuminate\\Routing\\Route), Object(Illuminate\\Http\\Request))
#27 /Users/rudston/PhpstormProjects/Filament/vendor/laravel/framework/src/Illuminate/Routing/Router.php(740): Illuminate\\Routing\\Router->runRoute(Object(Illuminate\\Http\\Request), Object(Illuminate\\Routing\\Route))
#28 /Users/rudston/PhpstormProjects/Filament/vendor/laravel/framework/src/Illuminate/Routing/Router.php(729): Illuminate\\Routing\\Router->dispatchToRoute(Object(Illuminate\\Http\\Request))
#29 /Users/rudston/PhpstormProjects/Filament/vendor/laravel/framework/src/Illuminate/Foundation/Http/Kernel.php(190): Illuminate\\Routing\\Router->dispatch(Object(Illuminate\\Http\\Request))
#30 /Users/rudston/PhpstormProjects/Filament/vendor/laravel/framework/src/Illuminate/Pipeline/Pipeline.php(141): Illuminate\\Foundation\\Http\\Kernel->Illuminate\\Foundation\\Http\\{closure}(Object(Illuminate\\Http\\Request))
#31 /Users/rudston/PhpstormProjects/Filament/vendor/livewire/livewire/src/DisableBrowserCache.php(19): Illuminate\\Pipeline\\Pipeline->Illuminate\\Pipeline\\{closure}(Object(Illuminate\\Http\\Request))
#32 /Users/rudston/PhpstormProjects/Filament/vendor/laravel/framework/src/Illuminate/Pipeline/Pipeline.php(180): Livewire\\DisableBrowserCache->handle(Object(Illuminate\\Http\\Request), Object(Closure))
#33 /Users/rudston/PhpstormProjects/Filament/vendor/barryvdh/laravel-debugbar/src/Middleware/InjectDebugbar.php(66): Illuminate\\Pipeline\\Pipeline->Illuminate\\Pipeline\\{closure}(Object(Illuminate\\Http\\Request))
#34 /Users/rudston/PhpstormProjects/Filament/vendor/laravel/framework/src/Illuminate/Pipeline/Pipeline.php(180): Barryvdh\\Debugbar\\Middleware\\InjectDebugbar->handle(Object(Illuminate\\Http\\Request), Object(Closure))
#35 /Users/rudston/PhpstormProjects/Filament/vendor/laravel/framework/src/Illuminate/Foundation/Http/Middleware/TransformsRequest.php(21): Illuminate\\Pipeline\\Pipeline->Illuminate\\Pipeline\\{closure}(Object(Illuminate\\Http\\Request))
#36 /Users/rudston/PhpstormProjects/Filament/vendor/laravel/framework/src/Illuminate/Foundation/Http/Middleware/ConvertEmptyStringsToNull.php(31): Illuminate\\Foundation\\Http\\Middleware\\TransformsRequest->handle(Object(Illuminate\\Http\\Request), Object(Closure))
#37 /Users/rudston/PhpstormProjects/Filament/vendor/laravel/framework/src/Illuminate/Pipeline/Pipeline.php(180): Illuminate\\Foundation\\Http\\Middleware\\ConvertEmptyStringsToNull->handle(Object(Illuminate\\Http\\Request), Object(Closure))
#38 /Users/rudston/PhpstormProjects/Filament/vendor/laravel/framework/src/Illuminate/Foundation/Http/Middleware/TransformsRequest.php(21): Illuminate\\Pipeline\\Pipeline->Illuminate\\Pipeline\\{closure}(Object(Illuminate\\Http\\Request))
#39 /Users/rudston/PhpstormProjects/Filament/vendor/laravel/framework/src/Illuminate/Foundation/Http/Middleware/TrimStrings.php(40): Illuminate\\Foundation\\Http\\Middleware\\TransformsRequest->handle(Object(Illuminate\\Http\\Request), Object(Closure))
#40 /Users/rudston/PhpstormProjects/Filament/vendor/laravel/framework/src/Illuminate/Pipeline/Pipeline.php(180): Illuminate\\Foundation\\Http\\Middleware\\TrimStrings->handle(Object(Illuminate\\Http\\Request), Object(Closure))
#41 /Users/rudston/PhpstormProjects/Filament/vendor/laravel/framework/src/Illuminate/Foundation/Http/Middleware/ValidatePostSize.php(27): Illuminate\\Pipeline\\Pipeline->Illuminate\\Pipeline\\{closure}(Object(Illuminate\\Http\\Request))
#42 /Users/rudston/PhpstormProjects/Filament/vendor/laravel/framework/src/Illuminate/Pipeline/Pipeline.php(180): Illuminate\\Foundation\\Http\\Middleware\\ValidatePostSize->handle(Object(Illuminate\\Http\\Request), Object(Closure))
#43 /Users/rudston/PhpstormProjects/Filament/vendor/laravel/framework/src/Illuminate/Foundation/Http/Middleware/PreventRequestsDuringMaintenance.php(86): Illuminate\\Pipeline\\Pipeline->Illuminate\\Pipeline\\{closure}(Object(Illuminate\\Http\\Request))
#44 /Users/rudston/PhpstormProjects/Filament/vendor/laravel/framework/src/Illuminate/Pipeline/Pipeline.php(180): Illuminate\\Foundation\\Http\\Middleware\\PreventRequestsDuringMaintenance->handle(Object(Illuminate\\Http\\Request), Object(Closure))
#45 /Users/rudston/PhpstormProjects/Filament/vendor/fruitcake/laravel-cors/src/HandleCors.php(38): Illuminate\\Pipeline\\Pipeline->Illuminate\\Pipeline\\{closure}(Object(Illuminate\\Http\\Request))
#46 /Users/rudston/PhpstormProjects/Filament/vendor/laravel/framework/src/Illuminate/Pipeline/Pipeline.php(180): Fruitcake\\Cors\\HandleCors->handle(Object(Illuminate\\Http\\Request), Object(Closure))
#47 /Users/rudston/PhpstormProjects/Filament/vendor/laravel/framework/src/Illuminate/Http/Middleware/TrustProxies.php(39): Illuminate\\Pipeline\\Pipeline->Illuminate\\Pipeline\\{closure}(Object(Illuminate\\Http\\Request))
#48 /Users/rudston/PhpstormProjects/Filament/vendor/laravel/framework/src/Illuminate/Pipeline/Pipeline.php(180): Illuminate\\Http\\Middleware\\TrustProxies->handle(Object(Illuminate\\Http\\Request), Object(Closure))
#49 /Users/rudston/PhpstormProjects/Filament/vendor/laravel/framework/src/Illuminate/Pipeline/Pipeline.php(116): Illuminate\\Pipeline\\Pipeline->Illuminate\\Pipeline\\{closure}(Object(Illuminate\\Http\\Request))
#50 /Users/rudston/PhpstormProjects/Filament/vendor/laravel/framework/src/Illuminate/Foundation/Http/Kernel.php(165): Illuminate\\Pipeline\\Pipeline->then(Object(Closure))
#51 /Users/rudston/PhpstormProjects/Filament/vendor/laravel/framework/src/Illuminate/Foundation/Http/Kernel.php(134): Illuminate\\Foundation\\Http\\Kernel->sendRequestThroughRouter(Object(Illuminate\\Http\\Request))
#52 /Users/rudston/PhpstormProjects/Filament/public/index.php(52): Illuminate\\Foundation\\Http\\Kernel->handle(Object(Illuminate\\Http\\Request))
#53 {main}
"} 
[2023-02-14 13:37:08] local.ERROR: Debugbar exception: SQLSTATE[42S02]: Base table or view not found: 1146 Table 'filament.sessions' doesn't exist (SQL: select * from `sessions` where `id` = QaoS8pwe1YbWR25mWhxmQ2bf7RfzeuOPzZlE7ZZY limit 1)  
